I1029 10:09:19.166382       1 log.go:244] FLAG: --add-dir-header="false"
I1029 10:09:19.166452       1 log.go:244] FLAG: --alsologtostderr="false"
I1029 10:09:19.166456       1 log.go:244] FLAG: --burst="1000000"
I1029 10:09:19.166458       1 log.go:244] FLAG: --cert-dir="/var/serving-cert"
I1029 10:09:19.166460       1 log.go:244] FLAG: --default-seccomp-profile-type="RuntimeDefault"
I1029 10:09:19.166462       1 log.go:244] FLAG: --enable-http2="false"
I1029 10:09:19.166464       1 log.go:244] FLAG: --health-probe-bind-address=":8081"
I1029 10:09:19.166466       1 log.go:244] FLAG: --help="false"
I1029 10:09:19.166467       1 log.go:244] FLAG: --kubeconfig=""
I1029 10:09:19.166471       1 log.go:244] FLAG: --label-key-blacklist="[app.kubernetes.io/name,app.kubernetes.io/version,app.kubernetes.io/instance,app.kubernetes.io/managed-by]"
I1029 10:09:19.166473       1 log.go:244] FLAG: --leader-elect="false"
I1029 10:09:19.166475       1 log.go:244] FLAG: --log-backtrace-at=":0"
I1029 10:09:19.166477       1 log.go:244] FLAG: --log-dir=""
I1029 10:09:19.166478       1 log.go:244] FLAG: --log-file=""
I1029 10:09:19.166480       1 log.go:244] FLAG: --log-file-max-size="1800"
I1029 10:09:19.166482       1 log.go:244] FLAG: --log-flush-frequency="5s"
I1029 10:09:19.166484       1 log.go:244] FLAG: --logtostderr="true"
I1029 10:09:19.166486       1 log.go:244] FLAG: --metrics-bind-address=":8443"
I1029 10:09:19.166488       1 log.go:244] FLAG: --metrics-secure="true"
I1029 10:09:19.166489       1 log.go:244] FLAG: --one-output="false"
I1029 10:09:19.166491       1 log.go:244] FLAG: --qps="1e+06"
I1029 10:09:19.166493       1 log.go:244] FLAG: --skip-headers="false"
I1029 10:09:19.166494       1 log.go:244] FLAG: --skip-log-headers="false"
I1029 10:09:19.166496       1 log.go:244] FLAG: --stderrthreshold="2"
I1029 10:09:19.166498       1 log.go:244] FLAG: --v="3"
I1029 10:09:19.166500       1 log.go:244] FLAG: --vmodule=""
I1029 10:09:19.166506       1 webhook.go:37] Starting kubedb-webhook-server...
I1029 10:09:19.166611       1 server.go:178] "Initializing certificate watcher using provided certificates" logger="setup" cert-dir="/var/serving-cert" cert-name="tls.crt" cert-key="tls.key"
I1029 10:09:19.166764       1 certwatcher.go:211] "Updated current TLS certificate" logger="controller-runtime.certwatcher"
I1029 10:09:19.175410       1 server.go:183] "Registering webhook" logger="controller-runtime.webhook" path="/convert"
I1029 10:09:19.175426       1 webhook.go:139] "Conversion webhook enabled" logger="setup" GVK="kubedb.com/v1alpha2, Kind=Elasticsearch"
I1029 10:09:19.175450       1 webhook.go:139] "Conversion webhook enabled" logger="setup" GVK="kubedb.com/v1alpha2, Kind=Kafka"
I1029 10:09:19.175469       1 webhook.go:139] "Conversion webhook enabled" logger="setup" GVK="kubedb.com/v1alpha2, Kind=MariaDB"
I1029 10:09:19.175493       1 webhook.go:139] "Conversion webhook enabled" logger="setup" GVK="kubedb.com/v1alpha2, Kind=Memcached"
I1029 10:09:19.175518       1 webhook.go:139] "Conversion webhook enabled" logger="setup" GVK="kubedb.com/v1alpha2, Kind=MongoDB"
I1029 10:09:19.175540       1 webhook.go:139] "Conversion webhook enabled" logger="setup" GVK="kubedb.com/v1alpha2, Kind=MySQL"
I1029 10:09:19.175560       1 webhook.go:139] "Conversion webhook enabled" logger="setup" GVK="kubedb.com/v1alpha2, Kind=PerconaXtraDB"
I1029 10:09:19.175583       1 webhook.go:139] "Conversion webhook enabled" logger="setup" GVK="kubedb.com/v1alpha2, Kind=PgBouncer"
I1029 10:09:19.175607       1 webhook.go:139] "Conversion webhook enabled" logger="setup" GVK="kubedb.com/v1alpha2, Kind=Postgres"
I1029 10:09:19.175628       1 webhook.go:139] "Conversion webhook enabled" logger="setup" GVK="kubedb.com/v1alpha2, Kind=ProxySQL"
I1029 10:09:19.175669       1 webhook.go:139] "Conversion webhook enabled" logger="setup" GVK="kubedb.com/v1alpha2, Kind=Redis"
I1029 10:09:19.175699       1 webhook.go:139] "Conversion webhook enabled" logger="setup" GVK="kubedb.com/v1alpha2, Kind=RedisSentinel"
I1029 10:09:19.175725       1 webhook.go:139] "Conversion webhook enabled" logger="setup" GVK="kubedb.com/v1, Kind=Elasticsearch"
I1029 10:09:19.175743       1 webhook.go:139] "Conversion webhook enabled" logger="setup" GVK="kubedb.com/v1, Kind=Kafka"
I1029 10:09:19.175764       1 webhook.go:139] "Conversion webhook enabled" logger="setup" GVK="kubedb.com/v1, Kind=MariaDB"
I1029 10:09:19.175783       1 webhook.go:139] "Conversion webhook enabled" logger="setup" GVK="kubedb.com/v1, Kind=Memcached"
I1029 10:09:19.175801       1 webhook.go:139] "Conversion webhook enabled" logger="setup" GVK="kubedb.com/v1, Kind=MongoDB"
I1029 10:09:19.175820       1 webhook.go:139] "Conversion webhook enabled" logger="setup" GVK="kubedb.com/v1, Kind=MySQL"
I1029 10:09:19.175852       1 webhook.go:139] "Conversion webhook enabled" logger="setup" GVK="kubedb.com/v1, Kind=PerconaXtraDB"
I1029 10:09:19.175884       1 webhook.go:139] "Conversion webhook enabled" logger="setup" GVK="kubedb.com/v1, Kind=PgBouncer"
I1029 10:09:19.175940       1 webhook.go:139] "Conversion webhook enabled" logger="setup" GVK="kubedb.com/v1, Kind=Postgres"
I1029 10:09:19.175969       1 webhook.go:139] "Conversion webhook enabled" logger="setup" GVK="kubedb.com/v1, Kind=ProxySQL"
I1029 10:09:19.175988       1 webhook.go:139] "Conversion webhook enabled" logger="setup" GVK="kubedb.com/v1, Kind=Redis"
I1029 10:09:19.176007       1 webhook.go:139] "Conversion webhook enabled" logger="setup" GVK="kubedb.com/v1, Kind=RedisSentinel"
I1029 10:09:19.176017       1 server.go:321] "Adding certificate watcher to manager" logger="setup"
I1029 10:09:19.176043       1 webhook.go:188] "Registering a mutating webhook" logger="controller-runtime.builder" GVK="autoscaling.kubedb.com/v1alpha1, Kind=CassandraAutoscaler" path="/mutate-autoscaling-kubedb-com-v1alpha1-cassandraautoscaler"
I1029 10:09:19.176074       1 server.go:183] "Registering webhook" logger="controller-runtime.webhook" path="/mutate-autoscaling-kubedb-com-v1alpha1-cassandraautoscaler"
I1029 10:09:19.176097       1 webhook.go:226] "Registering a validating webhook" logger="controller-runtime.builder" GVK="autoscaling.kubedb.com/v1alpha1, Kind=CassandraAutoscaler" path="/validate-autoscaling-kubedb-com-v1alpha1-cassandraautoscaler"
I1029 10:09:19.176146       1 server.go:183] "Registering webhook" logger="controller-runtime.webhook" path="/validate-autoscaling-kubedb-com-v1alpha1-cassandraautoscaler"
I1029 10:09:19.176193       1 webhook.go:188] "Registering a mutating webhook" logger="controller-runtime.builder" GVK="autoscaling.kubedb.com/v1alpha1, Kind=ClickHouseAutoscaler" path="/mutate-autoscaling-kubedb-com-v1alpha1-clickhouseautoscaler"
I1029 10:09:19.176219       1 server.go:183] "Registering webhook" logger="controller-runtime.webhook" path="/mutate-autoscaling-kubedb-com-v1alpha1-clickhouseautoscaler"
I1029 10:09:19.176235       1 webhook.go:226] "Registering a validating webhook" logger="controller-runtime.builder" GVK="autoscaling.kubedb.com/v1alpha1, Kind=ClickHouseAutoscaler" path="/validate-autoscaling-kubedb-com-v1alpha1-clickhouseautoscaler"
I1029 10:09:19.176252       1 server.go:183] "Registering webhook" logger="controller-runtime.webhook" path="/validate-autoscaling-kubedb-com-v1alpha1-clickhouseautoscaler"
I1029 10:09:19.176280       1 webhook.go:188] "Registering a mutating webhook" logger="controller-runtime.builder" GVK="autoscaling.kubedb.com/v1alpha1, Kind=DruidAutoscaler" path="/mutate-autoscaling-kubedb-com-v1alpha1-druidautoscaler"
I1029 10:09:19.176296       1 server.go:183] "Registering webhook" logger="controller-runtime.webhook" path="/mutate-autoscaling-kubedb-com-v1alpha1-druidautoscaler"
I1029 10:09:19.176311       1 webhook.go:226] "Registering a validating webhook" logger="controller-runtime.builder" GVK="autoscaling.kubedb.com/v1alpha1, Kind=DruidAutoscaler" path="/validate-autoscaling-kubedb-com-v1alpha1-druidautoscaler"
I1029 10:09:19.176357       1 server.go:183] "Registering webhook" logger="controller-runtime.webhook" path="/validate-autoscaling-kubedb-com-v1alpha1-druidautoscaler"
I1029 10:09:19.176387       1 webhook.go:188] "Registering a mutating webhook" logger="controller-runtime.builder" GVK="autoscaling.kubedb.com/v1alpha1, Kind=ElasticsearchAutoscaler" path="/mutate-autoscaling-kubedb-com-v1alpha1-elasticsearchautoscaler"
I1029 10:09:19.176440       1 server.go:183] "Registering webhook" logger="controller-runtime.webhook" path="/mutate-autoscaling-kubedb-com-v1alpha1-elasticsearchautoscaler"
I1029 10:09:19.176462       1 webhook.go:226] "Registering a validating webhook" logger="controller-runtime.builder" GVK="autoscaling.kubedb.com/v1alpha1, Kind=ElasticsearchAutoscaler" path="/validate-autoscaling-kubedb-com-v1alpha1-elasticsearchautoscaler"
I1029 10:09:19.176500       1 server.go:183] "Registering webhook" logger="controller-runtime.webhook" path="/validate-autoscaling-kubedb-com-v1alpha1-elasticsearchautoscaler"
I1029 10:09:19.176546       1 webhook.go:188] "Registering a mutating webhook" logger="controller-runtime.builder" GVK="autoscaling.kubedb.com/v1alpha1, Kind=FerretDBAutoscaler" path="/mutate-autoscaling-kubedb-com-v1alpha1-ferretdbautoscaler"
I1029 10:09:19.176592       1 server.go:183] "Registering webhook" logger="controller-runtime.webhook" path="/mutate-autoscaling-kubedb-com-v1alpha1-ferretdbautoscaler"
I1029 10:09:19.176618       1 webhook.go:226] "Registering a validating webhook" logger="controller-runtime.builder" GVK="autoscaling.kubedb.com/v1alpha1, Kind=FerretDBAutoscaler" path="/validate-autoscaling-kubedb-com-v1alpha1-ferretdbautoscaler"
I1029 10:09:19.176655       1 server.go:183] "Registering webhook" logger="controller-runtime.webhook" path="/validate-autoscaling-kubedb-com-v1alpha1-ferretdbautoscaler"
I1029 10:09:19.176709       1 webhook.go:188] "Registering a mutating webhook" logger="controller-runtime.builder" GVK="autoscaling.kubedb.com/v1alpha1, Kind=HazelcastAutoscaler" path="/mutate-autoscaling-kubedb-com-v1alpha1-hazelcastautoscaler"
I1029 10:09:19.176738       1 server.go:183] "Registering webhook" logger="controller-runtime.webhook" path="/mutate-autoscaling-kubedb-com-v1alpha1-hazelcastautoscaler"
I1029 10:09:19.176755       1 webhook.go:226] "Registering a validating webhook" logger="controller-runtime.builder" GVK="autoscaling.kubedb.com/v1alpha1, Kind=HazelcastAutoscaler" path="/validate-autoscaling-kubedb-com-v1alpha1-hazelcastautoscaler"
I1029 10:09:19.176789       1 server.go:183] "Registering webhook" logger="controller-runtime.webhook" path="/validate-autoscaling-kubedb-com-v1alpha1-hazelcastautoscaler"
I1029 10:09:19.176831       1 webhook.go:188] "Registering a mutating webhook" logger="controller-runtime.builder" GVK="autoscaling.kubedb.com/v1alpha1, Kind=KafkaAutoscaler" path="/mutate-autoscaling-kubedb-com-v1alpha1-kafkaautoscaler"
I1029 10:09:19.176864       1 server.go:183] "Registering webhook" logger="controller-runtime.webhook" path="/mutate-autoscaling-kubedb-com-v1alpha1-kafkaautoscaler"
I1029 10:09:19.176884       1 webhook.go:226] "Registering a validating webhook" logger="controller-runtime.builder" GVK="autoscaling.kubedb.com/v1alpha1, Kind=KafkaAutoscaler" path="/validate-autoscaling-kubedb-com-v1alpha1-kafkaautoscaler"
I1029 10:09:19.176912       1 server.go:183] "Registering webhook" logger="controller-runtime.webhook" path="/validate-autoscaling-kubedb-com-v1alpha1-kafkaautoscaler"
I1029 10:09:19.176959       1 webhook.go:188] "Registering a mutating webhook" logger="controller-runtime.builder" GVK="autoscaling.kubedb.com/v1alpha1, Kind=MariaDBAutoscaler" path="/mutate-autoscaling-kubedb-com-v1alpha1-mariadbautoscaler"
I1029 10:09:19.176984       1 server.go:183] "Registering webhook" logger="controller-runtime.webhook" path="/mutate-autoscaling-kubedb-com-v1alpha1-mariadbautoscaler"
I1029 10:09:19.177000       1 webhook.go:226] "Registering a validating webhook" logger="controller-runtime.builder" GVK="autoscaling.kubedb.com/v1alpha1, Kind=MariaDBAutoscaler" path="/validate-autoscaling-kubedb-com-v1alpha1-mariadbautoscaler"
I1029 10:09:19.177026       1 server.go:183] "Registering webhook" logger="controller-runtime.webhook" path="/validate-autoscaling-kubedb-com-v1alpha1-mariadbautoscaler"
I1029 10:09:19.177065       1 webhook.go:188] "Registering a mutating webhook" logger="controller-runtime.builder" GVK="autoscaling.kubedb.com/v1alpha1, Kind=MemcachedAutoscaler" path="/mutate-autoscaling-kubedb-com-v1alpha1-memcachedautoscaler"
I1029 10:09:19.177099       1 server.go:183] "Registering webhook" logger="controller-runtime.webhook" path="/mutate-autoscaling-kubedb-com-v1alpha1-memcachedautoscaler"
I1029 10:09:19.177117       1 webhook.go:226] "Registering a validating webhook" logger="controller-runtime.builder" GVK="autoscaling.kubedb.com/v1alpha1, Kind=MemcachedAutoscaler" path="/validate-autoscaling-kubedb-com-v1alpha1-memcachedautoscaler"
I1029 10:09:19.177150       1 server.go:183] "Registering webhook" logger="controller-runtime.webhook" path="/validate-autoscaling-kubedb-com-v1alpha1-memcachedautoscaler"
I1029 10:09:19.177211       1 webhook.go:188] "Registering a mutating webhook" logger="controller-runtime.builder" GVK="autoscaling.kubedb.com/v1alpha1, Kind=MongoDBAutoscaler" path="/mutate-autoscaling-kubedb-com-v1alpha1-mongodbautoscaler"
I1029 10:09:19.177248       1 server.go:183] "Registering webhook" logger="controller-runtime.webhook" path="/mutate-autoscaling-kubedb-com-v1alpha1-mongodbautoscaler"
I1029 10:09:19.177273       1 webhook.go:226] "Registering a validating webhook" logger="controller-runtime.builder" GVK="autoscaling.kubedb.com/v1alpha1, Kind=MongoDBAutoscaler" path="/validate-autoscaling-kubedb-com-v1alpha1-mongodbautoscaler"
I1029 10:09:19.177300       1 server.go:183] "Registering webhook" logger="controller-runtime.webhook" path="/validate-autoscaling-kubedb-com-v1alpha1-mongodbautoscaler"
I1029 10:09:19.177349       1 webhook.go:188] "Registering a mutating webhook" logger="controller-runtime.builder" GVK="autoscaling.kubedb.com/v1alpha1, Kind=MSSQLServerAutoscaler" path="/mutate-autoscaling-kubedb-com-v1alpha1-mssqlserverautoscaler"
I1029 10:09:19.177381       1 server.go:183] "Registering webhook" logger="controller-runtime.webhook" path="/mutate-autoscaling-kubedb-com-v1alpha1-mssqlserverautoscaler"
I1029 10:09:19.177399       1 webhook.go:226] "Registering a validating webhook" logger="controller-runtime.builder" GVK="autoscaling.kubedb.com/v1alpha1, Kind=MSSQLServerAutoscaler" path="/validate-autoscaling-kubedb-com-v1alpha1-mssqlserverautoscaler"
I1029 10:09:19.177422       1 server.go:183] "Registering webhook" logger="controller-runtime.webhook" path="/validate-autoscaling-kubedb-com-v1alpha1-mssqlserverautoscaler"
I1029 10:09:19.177999       1 webhook.go:188] "Registering a mutating webhook" logger="controller-runtime.builder" GVK="autoscaling.kubedb.com/v1alpha1, Kind=MySQLAutoscaler" path="/mutate-autoscaling-kubedb-com-v1alpha1-mysqlautoscaler"
I1029 10:09:19.178033       1 server.go:183] "Registering webhook" logger="controller-runtime.webhook" path="/mutate-autoscaling-kubedb-com-v1alpha1-mysqlautoscaler"
I1029 10:09:19.178047       1 webhook.go:226] "Registering a validating webhook" logger="controller-runtime.builder" GVK="autoscaling.kubedb.com/v1alpha1, Kind=MySQLAutoscaler" path="/validate-autoscaling-kubedb-com-v1alpha1-mysqlautoscaler"
I1029 10:09:19.178061       1 server.go:183] "Registering webhook" logger="controller-runtime.webhook" path="/validate-autoscaling-kubedb-com-v1alpha1-mysqlautoscaler"
I1029 10:09:19.178089       1 webhook.go:188] "Registering a mutating webhook" logger="controller-runtime.builder" GVK="autoscaling.kubedb.com/v1alpha1, Kind=PerconaXtraDBAutoscaler" path="/mutate-autoscaling-kubedb-com-v1alpha1-perconaxtradbautoscaler"
I1029 10:09:19.178105       1 server.go:183] "Registering webhook" logger="controller-runtime.webhook" path="/mutate-autoscaling-kubedb-com-v1alpha1-perconaxtradbautoscaler"
I1029 10:09:19.178122       1 webhook.go:226] "Registering a validating webhook" logger="controller-runtime.builder" GVK="autoscaling.kubedb.com/v1alpha1, Kind=PerconaXtraDBAutoscaler" path="/validate-autoscaling-kubedb-com-v1alpha1-perconaxtradbautoscaler"
I1029 10:09:19.178206       1 server.go:183] "Registering webhook" logger="controller-runtime.webhook" path="/validate-autoscaling-kubedb-com-v1alpha1-perconaxtradbautoscaler"
I1029 10:09:19.178310       1 webhook.go:188] "Registering a mutating webhook" logger="controller-runtime.builder" GVK="autoscaling.kubedb.com/v1alpha1, Kind=PgBouncerAutoscaler" path="/mutate-autoscaling-kubedb-com-v1alpha1-pgbouncerautoscaler"
I1029 10:09:19.178383       1 server.go:183] "Registering webhook" logger="controller-runtime.webhook" path="/mutate-autoscaling-kubedb-com-v1alpha1-pgbouncerautoscaler"
I1029 10:09:19.178425       1 webhook.go:226] "Registering a validating webhook" logger="controller-runtime.builder" GVK="autoscaling.kubedb.com/v1alpha1, Kind=PgBouncerAutoscaler" path="/validate-autoscaling-kubedb-com-v1alpha1-pgbouncerautoscaler"
I1029 10:09:19.178494       1 server.go:183] "Registering webhook" logger="controller-runtime.webhook" path="/validate-autoscaling-kubedb-com-v1alpha1-pgbouncerautoscaler"
I1029 10:09:19.178552       1 webhook.go:188] "Registering a mutating webhook" logger="controller-runtime.builder" GVK="autoscaling.kubedb.com/v1alpha1, Kind=PgpoolAutoscaler" path="/mutate-autoscaling-kubedb-com-v1alpha1-pgpoolautoscaler"
I1029 10:09:19.178592       1 server.go:183] "Registering webhook" logger="controller-runtime.webhook" path="/mutate-autoscaling-kubedb-com-v1alpha1-pgpoolautoscaler"
I1029 10:09:19.178615       1 webhook.go:226] "Registering a validating webhook" logger="controller-runtime.builder" GVK="autoscaling.kubedb.com/v1alpha1, Kind=PgpoolAutoscaler" path="/validate-autoscaling-kubedb-com-v1alpha1-pgpoolautoscaler"
I1029 10:09:19.178671       1 server.go:183] "Registering webhook" logger="controller-runtime.webhook" path="/validate-autoscaling-kubedb-com-v1alpha1-pgpoolautoscaler"
I1029 10:09:19.178700       1 webhook.go:188] "Registering a mutating webhook" logger="controller-runtime.builder" GVK="autoscaling.kubedb.com/v1alpha1, Kind=PostgresAutoscaler" path="/mutate-autoscaling-kubedb-com-v1alpha1-postgresautoscaler"
I1029 10:09:19.178751       1 server.go:183] "Registering webhook" logger="controller-runtime.webhook" path="/mutate-autoscaling-kubedb-com-v1alpha1-postgresautoscaler"
I1029 10:09:19.178776       1 webhook.go:226] "Registering a validating webhook" logger="controller-runtime.builder" GVK="autoscaling.kubedb.com/v1alpha1, Kind=PostgresAutoscaler" path="/validate-autoscaling-kubedb-com-v1alpha1-postgresautoscaler"
I1029 10:09:19.178823       1 server.go:183] "Registering webhook" logger="controller-runtime.webhook" path="/validate-autoscaling-kubedb-com-v1alpha1-postgresautoscaler"
I1029 10:09:19.178900       1 webhook.go:188] "Registering a mutating webhook" logger="controller-runtime.builder" GVK="autoscaling.kubedb.com/v1alpha1, Kind=ProxySQLAutoscaler" path="/mutate-autoscaling-kubedb-com-v1alpha1-proxysqlautoscaler"
I1029 10:09:19.178945       1 server.go:183] "Registering webhook" logger="controller-runtime.webhook" path="/mutate-autoscaling-kubedb-com-v1alpha1-proxysqlautoscaler"
I1029 10:09:19.178985       1 webhook.go:226] "Registering a validating webhook" logger="controller-runtime.builder" GVK="autoscaling.kubedb.com/v1alpha1, Kind=ProxySQLAutoscaler" path="/validate-autoscaling-kubedb-com-v1alpha1-proxysqlautoscaler"
I1029 10:09:19.179027       1 server.go:183] "Registering webhook" logger="controller-runtime.webhook" path="/validate-autoscaling-kubedb-com-v1alpha1-proxysqlautoscaler"
I1029 10:09:19.179112       1 webhook.go:188] "Registering a mutating webhook" logger="controller-runtime.builder" GVK="autoscaling.kubedb.com/v1alpha1, Kind=RabbitMQAutoscaler" path="/mutate-autoscaling-kubedb-com-v1alpha1-rabbitmqautoscaler"
I1029 10:09:19.179232       1 server.go:183] "Registering webhook" logger="controller-runtime.webhook" path="/mutate-autoscaling-kubedb-com-v1alpha1-rabbitmqautoscaler"
I1029 10:09:19.179275       1 webhook.go:226] "Registering a validating webhook" logger="controller-runtime.builder" GVK="autoscaling.kubedb.com/v1alpha1, Kind=RabbitMQAutoscaler" path="/validate-autoscaling-kubedb-com-v1alpha1-rabbitmqautoscaler"
I1029 10:09:19.179346       1 server.go:183] "Registering webhook" logger="controller-runtime.webhook" path="/validate-autoscaling-kubedb-com-v1alpha1-rabbitmqautoscaler"
I1029 10:09:19.179442       1 webhook.go:188] "Registering a mutating webhook" logger="controller-runtime.builder" GVK="autoscaling.kubedb.com/v1alpha1, Kind=RedisAutoscaler" path="/mutate-autoscaling-kubedb-com-v1alpha1-redisautoscaler"
I1029 10:09:19.179566       1 server.go:183] "Registering webhook" logger="controller-runtime.webhook" path="/mutate-autoscaling-kubedb-com-v1alpha1-redisautoscaler"
I1029 10:09:19.179583       1 webhook.go:226] "Registering a validating webhook" logger="controller-runtime.builder" GVK="autoscaling.kubedb.com/v1alpha1, Kind=RedisAutoscaler" path="/validate-autoscaling-kubedb-com-v1alpha1-redisautoscaler"
I1029 10:09:19.179681       1 server.go:183] "Registering webhook" logger="controller-runtime.webhook" path="/validate-autoscaling-kubedb-com-v1alpha1-redisautoscaler"
I1029 10:09:19.179793       1 webhook.go:188] "Registering a mutating webhook" logger="controller-runtime.builder" GVK="autoscaling.kubedb.com/v1alpha1, Kind=RedisSentinelAutoscaler" path="/mutate-autoscaling-kubedb-com-v1alpha1-redissentinelautoscaler"
I1029 10:09:19.179907       1 server.go:183] "Registering webhook" logger="controller-runtime.webhook" path="/mutate-autoscaling-kubedb-com-v1alpha1-redissentinelautoscaler"
I1029 10:09:19.179971       1 webhook.go:226] "Registering a validating webhook" logger="controller-runtime.builder" GVK="autoscaling.kubedb.com/v1alpha1, Kind=RedisSentinelAutoscaler" path="/validate-autoscaling-kubedb-com-v1alpha1-redissentinelautoscaler"
I1029 10:09:19.180060       1 server.go:183] "Registering webhook" logger="controller-runtime.webhook" path="/validate-autoscaling-kubedb-com-v1alpha1-redissentinelautoscaler"
I1029 10:09:19.180162       1 webhook.go:188] "Registering a mutating webhook" logger="controller-runtime.builder" GVK="autoscaling.kubedb.com/v1alpha1, Kind=SinglestoreAutoscaler" path="/mutate-autoscaling-kubedb-com-v1alpha1-singlestoreautoscaler"
I1029 10:09:19.180223       1 server.go:183] "Registering webhook" logger="controller-runtime.webhook" path="/mutate-autoscaling-kubedb-com-v1alpha1-singlestoreautoscaler"
I1029 10:09:19.180308       1 webhook.go:226] "Registering a validating webhook" logger="controller-runtime.builder" GVK="autoscaling.kubedb.com/v1alpha1, Kind=SinglestoreAutoscaler" path="/validate-autoscaling-kubedb-com-v1alpha1-singlestoreautoscaler"
I1029 10:09:19.180380       1 server.go:183] "Registering webhook" logger="controller-runtime.webhook" path="/validate-autoscaling-kubedb-com-v1alpha1-singlestoreautoscaler"
I1029 10:09:19.180510       1 webhook.go:188] "Registering a mutating webhook" logger="controller-runtime.builder" GVK="autoscaling.kubedb.com/v1alpha1, Kind=SolrAutoscaler" path="/mutate-autoscaling-kubedb-com-v1alpha1-solrautoscaler"
I1029 10:09:19.180580       1 server.go:183] "Registering webhook" logger="controller-runtime.webhook" path="/mutate-autoscaling-kubedb-com-v1alpha1-solrautoscaler"
I1029 10:09:19.180648       1 webhook.go:226] "Registering a validating webhook" logger="controller-runtime.builder" GVK="autoscaling.kubedb.com/v1alpha1, Kind=SolrAutoscaler" path="/validate-autoscaling-kubedb-com-v1alpha1-solrautoscaler"
I1029 10:09:19.180694       1 server.go:183] "Registering webhook" logger="controller-runtime.webhook" path="/validate-autoscaling-kubedb-com-v1alpha1-solrautoscaler"
I1029 10:09:19.180797       1 webhook.go:188] "Registering a mutating webhook" logger="controller-runtime.builder" GVK="autoscaling.kubedb.com/v1alpha1, Kind=ZooKeeperAutoscaler" path="/mutate-autoscaling-kubedb-com-v1alpha1-zookeeperautoscaler"
I1029 10:09:19.180866       1 server.go:183] "Registering webhook" logger="controller-runtime.webhook" path="/mutate-autoscaling-kubedb-com-v1alpha1-zookeeperautoscaler"
I1029 10:09:19.180933       1 webhook.go:226] "Registering a validating webhook" logger="controller-runtime.builder" GVK="autoscaling.kubedb.com/v1alpha1, Kind=ZooKeeperAutoscaler" path="/validate-autoscaling-kubedb-com-v1alpha1-zookeeperautoscaler"
I1029 10:09:19.180974       1 server.go:183] "Registering webhook" logger="controller-runtime.webhook" path="/validate-autoscaling-kubedb-com-v1alpha1-zookeeperautoscaler"
I1029 10:09:19.181060       1 webhook.go:188] "Registering a mutating webhook" logger="controller-runtime.builder" GVK="elasticsearch.kubedb.com/v1alpha1, Kind=ElasticsearchDashboard" path="/mutate-elasticsearch-kubedb-com-v1alpha1-elasticsearchdashboard"
I1029 10:09:19.181126       1 server.go:183] "Registering webhook" logger="controller-runtime.webhook" path="/mutate-elasticsearch-kubedb-com-v1alpha1-elasticsearchdashboard"
I1029 10:09:19.181172       1 webhook.go:226] "Registering a validating webhook" logger="controller-runtime.builder" GVK="elasticsearch.kubedb.com/v1alpha1, Kind=ElasticsearchDashboard" path="/validate-elasticsearch-kubedb-com-v1alpha1-elasticsearchdashboard"
I1029 10:09:19.181244       1 server.go:183] "Registering webhook" logger="controller-runtime.webhook" path="/validate-elasticsearch-kubedb-com-v1alpha1-elasticsearchdashboard"
I1029 10:09:19.181275       1 webhook.go:188] "Registering a mutating webhook" logger="controller-runtime.builder" GVK="kafka.kubedb.com/v1alpha1, Kind=ConnectCluster" path="/mutate-kafka-kubedb-com-v1alpha1-connectcluster"
I1029 10:09:19.181328       1 server.go:183] "Registering webhook" logger="controller-runtime.webhook" path="/mutate-kafka-kubedb-com-v1alpha1-connectcluster"
I1029 10:09:19.181377       1 webhook.go:226] "Registering a validating webhook" logger="controller-runtime.builder" GVK="kafka.kubedb.com/v1alpha1, Kind=ConnectCluster" path="/validate-kafka-kubedb-com-v1alpha1-connectcluster"
I1029 10:09:19.181435       1 server.go:183] "Registering webhook" logger="controller-runtime.webhook" path="/validate-kafka-kubedb-com-v1alpha1-connectcluster"
I1029 10:09:19.181502       1 webhook.go:188] "Registering a mutating webhook" logger="controller-runtime.builder" GVK="kafka.kubedb.com/v1alpha1, Kind=Connector" path="/mutate-kafka-kubedb-com-v1alpha1-connector"
I1029 10:09:19.181535       1 server.go:183] "Registering webhook" logger="controller-runtime.webhook" path="/mutate-kafka-kubedb-com-v1alpha1-connector"
I1029 10:09:19.181594       1 webhook.go:226] "Registering a validating webhook" logger="controller-runtime.builder" GVK="kafka.kubedb.com/v1alpha1, Kind=Connector" path="/validate-kafka-kubedb-com-v1alpha1-connector"
I1029 10:09:19.181655       1 server.go:183] "Registering webhook" logger="controller-runtime.webhook" path="/validate-kafka-kubedb-com-v1alpha1-connector"
I1029 10:09:19.181687       1 webhook.go:188] "Registering a mutating webhook" logger="controller-runtime.builder" GVK="kafka.kubedb.com/v1alpha1, Kind=RestProxy" path="/mutate-kafka-kubedb-com-v1alpha1-restproxy"
I1029 10:09:19.181724       1 server.go:183] "Registering webhook" logger="controller-runtime.webhook" path="/mutate-kafka-kubedb-com-v1alpha1-restproxy"
I1029 10:09:19.181744       1 webhook.go:226] "Registering a validating webhook" logger="controller-runtime.builder" GVK="kafka.kubedb.com/v1alpha1, Kind=RestProxy" path="/validate-kafka-kubedb-com-v1alpha1-restproxy"
I1029 10:09:19.181780       1 server.go:183] "Registering webhook" logger="controller-runtime.webhook" path="/validate-kafka-kubedb-com-v1alpha1-restproxy"
I1029 10:09:19.181835       1 webhook.go:188] "Registering a mutating webhook" logger="controller-runtime.builder" GVK="kafka.kubedb.com/v1alpha1, Kind=SchemaRegistry" path="/mutate-kafka-kubedb-com-v1alpha1-schemaregistry"
I1029 10:09:19.181887       1 server.go:183] "Registering webhook" logger="controller-runtime.webhook" path="/mutate-kafka-kubedb-com-v1alpha1-schemaregistry"
I1029 10:09:19.181929       1 webhook.go:226] "Registering a validating webhook" logger="controller-runtime.builder" GVK="kafka.kubedb.com/v1alpha1, Kind=SchemaRegistry" path="/validate-kafka-kubedb-com-v1alpha1-schemaregistry"
I1029 10:09:19.182000       1 server.go:183] "Registering webhook" logger="controller-runtime.webhook" path="/validate-kafka-kubedb-com-v1alpha1-schemaregistry"
I1029 10:09:19.182057       1 webhook.go:188] "Registering a mutating webhook" logger="controller-runtime.builder" GVK="kubedb.com/v1, Kind=Elasticsearch" path="/mutate-kubedb-com-v1-elasticsearch"
I1029 10:09:19.182102       1 server.go:183] "Registering webhook" logger="controller-runtime.webhook" path="/mutate-kubedb-com-v1-elasticsearch"
I1029 10:09:19.182122       1 webhook.go:226] "Registering a validating webhook" logger="controller-runtime.builder" GVK="kubedb.com/v1, Kind=Elasticsearch" path="/validate-kubedb-com-v1-elasticsearch"
I1029 10:09:19.182167       1 server.go:183] "Registering webhook" logger="controller-runtime.webhook" path="/validate-kubedb-com-v1-elasticsearch"
I1029 10:09:19.182189       1 webhook.go:257] "Conversion webhook enabled" logger="controller-runtime.builder" GVK="kubedb.com/v1, Kind=Elasticsearch"
I1029 10:09:19.182200       1 webhook.go:188] "Registering a mutating webhook" logger="controller-runtime.builder" GVK="kubedb.com/v1, Kind=Kafka" path="/mutate-kubedb-com-v1-kafka"
I1029 10:09:19.182256       1 server.go:183] "Registering webhook" logger="controller-runtime.webhook" path="/mutate-kubedb-com-v1-kafka"
I1029 10:09:19.182286       1 webhook.go:226] "Registering a validating webhook" logger="controller-runtime.builder" GVK="kubedb.com/v1, Kind=Kafka" path="/validate-kubedb-com-v1-kafka"
I1029 10:09:19.182335       1 server.go:183] "Registering webhook" logger="controller-runtime.webhook" path="/validate-kubedb-com-v1-kafka"
I1029 10:09:19.182384       1 webhook.go:257] "Conversion webhook enabled" logger="controller-runtime.builder" GVK="kubedb.com/v1, Kind=Kafka"
I1029 10:09:19.182422       1 webhook.go:188] "Registering a mutating webhook" logger="controller-runtime.builder" GVK="kubedb.com/v1, Kind=MariaDB" path="/mutate-kubedb-com-v1-mariadb"
I1029 10:09:19.182456       1 server.go:183] "Registering webhook" logger="controller-runtime.webhook" path="/mutate-kubedb-com-v1-mariadb"
I1029 10:09:19.182491       1 webhook.go:226] "Registering a validating webhook" logger="controller-runtime.builder" GVK="kubedb.com/v1, Kind=MariaDB" path="/validate-kubedb-com-v1-mariadb"
I1029 10:09:19.182530       1 server.go:183] "Registering webhook" logger="controller-runtime.webhook" path="/validate-kubedb-com-v1-mariadb"
I1029 10:09:19.182557       1 webhook.go:257] "Conversion webhook enabled" logger="controller-runtime.builder" GVK="kubedb.com/v1, Kind=MariaDB"
I1029 10:09:19.182616       1 webhook.go:188] "Registering a mutating webhook" logger="controller-runtime.builder" GVK="kubedb.com/v1, Kind=Memcached" path="/mutate-kubedb-com-v1-memcached"
I1029 10:09:19.182684       1 server.go:183] "Registering webhook" logger="controller-runtime.webhook" path="/mutate-kubedb-com-v1-memcached"
I1029 10:09:19.182733       1 webhook.go:226] "Registering a validating webhook" logger="controller-runtime.builder" GVK="kubedb.com/v1, Kind=Memcached" path="/validate-kubedb-com-v1-memcached"
I1029 10:09:19.182793       1 server.go:183] "Registering webhook" logger="controller-runtime.webhook" path="/validate-kubedb-com-v1-memcached"
I1029 10:09:19.182850       1 webhook.go:257] "Conversion webhook enabled" logger="controller-runtime.builder" GVK="kubedb.com/v1, Kind=Memcached"
I1029 10:09:19.182875       1 webhook.go:188] "Registering a mutating webhook" logger="controller-runtime.builder" GVK="kubedb.com/v1, Kind=MongoDB" path="/mutate-kubedb-com-v1-mongodb"
I1029 10:09:19.182934       1 server.go:183] "Registering webhook" logger="controller-runtime.webhook" path="/mutate-kubedb-com-v1-mongodb"
I1029 10:09:19.182955       1 webhook.go:226] "Registering a validating webhook" logger="controller-runtime.builder" GVK="kubedb.com/v1, Kind=MongoDB" path="/validate-kubedb-com-v1-mongodb"
I1029 10:09:19.183002       1 server.go:183] "Registering webhook" logger="controller-runtime.webhook" path="/validate-kubedb-com-v1-mongodb"
I1029 10:09:19.183041       1 webhook.go:257] "Conversion webhook enabled" logger="controller-runtime.builder" GVK="kubedb.com/v1, Kind=MongoDB"
I1029 10:09:19.183065       1 webhook.go:188] "Registering a mutating webhook" logger="controller-runtime.builder" GVK="kubedb.com/v1, Kind=MySQL" path="/mutate-kubedb-com-v1-mysql"
I1029 10:09:19.183106       1 server.go:183] "Registering webhook" logger="controller-runtime.webhook" path="/mutate-kubedb-com-v1-mysql"
I1029 10:09:19.183130       1 webhook.go:226] "Registering a validating webhook" logger="controller-runtime.builder" GVK="kubedb.com/v1, Kind=MySQL" path="/validate-kubedb-com-v1-mysql"
I1029 10:09:19.183164       1 server.go:183] "Registering webhook" logger="controller-runtime.webhook" path="/validate-kubedb-com-v1-mysql"
I1029 10:09:19.183183       1 webhook.go:257] "Conversion webhook enabled" logger="controller-runtime.builder" GVK="kubedb.com/v1, Kind=MySQL"
I1029 10:09:19.183195       1 webhook.go:188] "Registering a mutating webhook" logger="controller-runtime.builder" GVK="kubedb.com/v1, Kind=PerconaXtraDB" path="/mutate-kubedb-com-v1-perconaxtradb"
I1029 10:09:19.183219       1 server.go:183] "Registering webhook" logger="controller-runtime.webhook" path="/mutate-kubedb-com-v1-perconaxtradb"
I1029 10:09:19.183243       1 webhook.go:226] "Registering a validating webhook" logger="controller-runtime.builder" GVK="kubedb.com/v1, Kind=PerconaXtraDB" path="/validate-kubedb-com-v1-perconaxtradb"
I1029 10:09:19.183254       1 server.go:183] "Registering webhook" logger="controller-runtime.webhook" path="/validate-kubedb-com-v1-perconaxtradb"
I1029 10:09:19.183270       1 webhook.go:257] "Conversion webhook enabled" logger="controller-runtime.builder" GVK="kubedb.com/v1, Kind=PerconaXtraDB"
I1029 10:09:19.183294       1 webhook.go:188] "Registering a mutating webhook" logger="controller-runtime.builder" GVK="kubedb.com/v1, Kind=PgBouncer" path="/mutate-kubedb-com-v1-pgbouncer"
I1029 10:09:19.183324       1 server.go:183] "Registering webhook" logger="controller-runtime.webhook" path="/mutate-kubedb-com-v1-pgbouncer"
I1029 10:09:19.183342       1 webhook.go:226] "Registering a validating webhook" logger="controller-runtime.builder" GVK="kubedb.com/v1, Kind=PgBouncer" path="/validate-kubedb-com-v1-pgbouncer"
I1029 10:09:19.183359       1 server.go:183] "Registering webhook" logger="controller-runtime.webhook" path="/validate-kubedb-com-v1-pgbouncer"
I1029 10:09:19.183378       1 webhook.go:257] "Conversion webhook enabled" logger="controller-runtime.builder" GVK="kubedb.com/v1, Kind=PgBouncer"
I1029 10:09:19.183395       1 webhook.go:188] "Registering a mutating webhook" logger="controller-runtime.builder" GVK="kubedb.com/v1, Kind=Postgres" path="/mutate-kubedb-com-v1-postgres"
I1029 10:09:19.183419       1 server.go:183] "Registering webhook" logger="controller-runtime.webhook" path="/mutate-kubedb-com-v1-postgres"
I1029 10:09:19.183449       1 webhook.go:226] "Registering a validating webhook" logger="controller-runtime.builder" GVK="kubedb.com/v1, Kind=Postgres" path="/validate-kubedb-com-v1-postgres"
I1029 10:09:19.183463       1 server.go:183] "Registering webhook" logger="controller-runtime.webhook" path="/validate-kubedb-com-v1-postgres"
I1029 10:09:19.183483       1 webhook.go:257] "Conversion webhook enabled" logger="controller-runtime.builder" GVK="kubedb.com/v1, Kind=Postgres"
I1029 10:09:19.183498       1 webhook.go:188] "Registering a mutating webhook" logger="controller-runtime.builder" GVK="kubedb.com/v1, Kind=ProxySQL" path="/mutate-kubedb-com-v1-proxysql"
I1029 10:09:19.183515       1 server.go:183] "Registering webhook" logger="controller-runtime.webhook" path="/mutate-kubedb-com-v1-proxysql"
I1029 10:09:19.183523       1 webhook.go:226] "Registering a validating webhook" logger="controller-runtime.builder" GVK="kubedb.com/v1, Kind=ProxySQL" path="/validate-kubedb-com-v1-proxysql"
I1029 10:09:19.183537       1 server.go:183] "Registering webhook" logger="controller-runtime.webhook" path="/validate-kubedb-com-v1-proxysql"
I1029 10:09:19.183555       1 webhook.go:257] "Conversion webhook enabled" logger="controller-runtime.builder" GVK="kubedb.com/v1, Kind=ProxySQL"
I1029 10:09:19.183565       1 webhook.go:188] "Registering a mutating webhook" logger="controller-runtime.builder" GVK="kubedb.com/v1, Kind=Redis" path="/mutate-kubedb-com-v1-redis"
I1029 10:09:19.183579       1 server.go:183] "Registering webhook" logger="controller-runtime.webhook" path="/mutate-kubedb-com-v1-redis"
I1029 10:09:19.183591       1 webhook.go:226] "Registering a validating webhook" logger="controller-runtime.builder" GVK="kubedb.com/v1, Kind=Redis" path="/validate-kubedb-com-v1-redis"
I1029 10:09:19.183608       1 server.go:183] "Registering webhook" logger="controller-runtime.webhook" path="/validate-kubedb-com-v1-redis"
I1029 10:09:19.183630       1 webhook.go:257] "Conversion webhook enabled" logger="controller-runtime.builder" GVK="kubedb.com/v1, Kind=Redis"
I1029 10:09:19.183664       1 webhook.go:188] "Registering a mutating webhook" logger="controller-runtime.builder" GVK="kubedb.com/v1, Kind=RedisSentinel" path="/mutate-kubedb-com-v1-redissentinel"
I1029 10:09:19.183691       1 server.go:183] "Registering webhook" logger="controller-runtime.webhook" path="/mutate-kubedb-com-v1-redissentinel"
I1029 10:09:19.183706       1 webhook.go:226] "Registering a validating webhook" logger="controller-runtime.builder" GVK="kubedb.com/v1, Kind=RedisSentinel" path="/validate-kubedb-com-v1-redissentinel"
I1029 10:09:19.183723       1 server.go:183] "Registering webhook" logger="controller-runtime.webhook" path="/validate-kubedb-com-v1-redissentinel"
I1029 10:09:19.183742       1 webhook.go:257] "Conversion webhook enabled" logger="controller-runtime.builder" GVK="kubedb.com/v1, Kind=RedisSentinel"
I1029 10:09:19.183757       1 webhook.go:188] "Registering a mutating webhook" logger="controller-runtime.builder" GVK="kubedb.com/v1alpha2, Kind=Cassandra" path="/mutate-kubedb-com-v1alpha2-cassandra"
I1029 10:09:19.183777       1 server.go:183] "Registering webhook" logger="controller-runtime.webhook" path="/mutate-kubedb-com-v1alpha2-cassandra"
I1029 10:09:19.183788       1 webhook.go:226] "Registering a validating webhook" logger="controller-runtime.builder" GVK="kubedb.com/v1alpha2, Kind=Cassandra" path="/validate-kubedb-com-v1alpha2-cassandra"
I1029 10:09:19.183805       1 server.go:183] "Registering webhook" logger="controller-runtime.webhook" path="/validate-kubedb-com-v1alpha2-cassandra"
I1029 10:09:19.183872       1 webhook.go:188] "Registering a mutating webhook" logger="controller-runtime.builder" GVK="kubedb.com/v1alpha2, Kind=ClickHouse" path="/mutate-kubedb-com-v1alpha2-clickhouse"
I1029 10:09:19.183902       1 server.go:183] "Registering webhook" logger="controller-runtime.webhook" path="/mutate-kubedb-com-v1alpha2-clickhouse"
I1029 10:09:19.183916       1 webhook.go:226] "Registering a validating webhook" logger="controller-runtime.builder" GVK="kubedb.com/v1alpha2, Kind=ClickHouse" path="/validate-kubedb-com-v1alpha2-clickhouse"
I1029 10:09:19.183931       1 server.go:183] "Registering webhook" logger="controller-runtime.webhook" path="/validate-kubedb-com-v1alpha2-clickhouse"
I1029 10:09:19.184958       1 webhook.go:188] "Registering a mutating webhook" logger="controller-runtime.builder" GVK="kubedb.com/v1alpha2, Kind=Druid" path="/mutate-kubedb-com-v1alpha2-druid"
I1029 10:09:19.184996       1 server.go:183] "Registering webhook" logger="controller-runtime.webhook" path="/mutate-kubedb-com-v1alpha2-druid"
I1029 10:09:19.185008       1 webhook.go:226] "Registering a validating webhook" logger="controller-runtime.builder" GVK="kubedb.com/v1alpha2, Kind=Druid" path="/validate-kubedb-com-v1alpha2-druid"
I1029 10:09:19.185025       1 server.go:183] "Registering webhook" logger="controller-runtime.webhook" path="/validate-kubedb-com-v1alpha2-druid"
I1029 10:09:19.185063       1 webhook.go:188] "Registering a mutating webhook" logger="controller-runtime.builder" GVK="kubedb.com/v1alpha2, Kind=FerretDB" path="/mutate-kubedb-com-v1alpha2-ferretdb"
I1029 10:09:19.185135       1 server.go:183] "Registering webhook" logger="controller-runtime.webhook" path="/mutate-kubedb-com-v1alpha2-ferretdb"
I1029 10:09:19.185156       1 webhook.go:226] "Registering a validating webhook" logger="controller-runtime.builder" GVK="kubedb.com/v1alpha2, Kind=FerretDB" path="/validate-kubedb-com-v1alpha2-ferretdb"
I1029 10:09:19.185269       1 server.go:183] "Registering webhook" logger="controller-runtime.webhook" path="/validate-kubedb-com-v1alpha2-ferretdb"
I1029 10:09:19.185324       1 webhook.go:188] "Registering a mutating webhook" logger="controller-runtime.builder" GVK="kubedb.com/v1alpha2, Kind=Hazelcast" path="/mutate-kubedb-com-v1alpha2-hazelcast"
I1029 10:09:19.185365       1 server.go:183] "Registering webhook" logger="controller-runtime.webhook" path="/mutate-kubedb-com-v1alpha2-hazelcast"
I1029 10:09:19.185387       1 webhook.go:226] "Registering a validating webhook" logger="controller-runtime.builder" GVK="kubedb.com/v1alpha2, Kind=Hazelcast" path="/validate-kubedb-com-v1alpha2-hazelcast"
I1029 10:09:19.185418       1 server.go:183] "Registering webhook" logger="controller-runtime.webhook" path="/validate-kubedb-com-v1alpha2-hazelcast"
I1029 10:09:19.185465       1 webhook.go:188] "Registering a mutating webhook" logger="controller-runtime.builder" GVK="kubedb.com/v1alpha2, Kind=Kafka" path="/mutate-kubedb-com-v1alpha2-kafka"
I1029 10:09:19.185495       1 server.go:183] "Registering webhook" logger="controller-runtime.webhook" path="/mutate-kubedb-com-v1alpha2-kafka"
I1029 10:09:19.185516       1 webhook.go:226] "Registering a validating webhook" logger="controller-runtime.builder" GVK="kubedb.com/v1alpha2, Kind=Kafka" path="/validate-kubedb-com-v1alpha2-kafka"
I1029 10:09:19.185584       1 server.go:183] "Registering webhook" logger="controller-runtime.webhook" path="/validate-kubedb-com-v1alpha2-kafka"
I1029 10:09:19.185610       1 webhook.go:257] "Conversion webhook enabled" logger="controller-runtime.builder" GVK="kubedb.com/v1alpha2, Kind=Kafka"
I1029 10:09:19.185662       1 webhook.go:188] "Registering a mutating webhook" logger="controller-runtime.builder" GVK="kubedb.com/v1alpha2, Kind=Ignite" path="/mutate-kubedb-com-v1alpha2-ignite"
I1029 10:09:19.185705       1 server.go:183] "Registering webhook" logger="controller-runtime.webhook" path="/mutate-kubedb-com-v1alpha2-ignite"
I1029 10:09:19.185735       1 webhook.go:226] "Registering a validating webhook" logger="controller-runtime.builder" GVK="kubedb.com/v1alpha2, Kind=Ignite" path="/validate-kubedb-com-v1alpha2-ignite"
I1029 10:09:19.185773       1 server.go:183] "Registering webhook" logger="controller-runtime.webhook" path="/validate-kubedb-com-v1alpha2-ignite"
I1029 10:09:19.185830       1 webhook.go:188] "Registering a mutating webhook" logger="controller-runtime.builder" GVK="kubedb.com/v1alpha2, Kind=MSSQLServer" path="/mutate-kubedb-com-v1alpha2-mssqlserver"
I1029 10:09:19.185878       1 server.go:183] "Registering webhook" logger="controller-runtime.webhook" path="/mutate-kubedb-com-v1alpha2-mssqlserver"
I1029 10:09:19.185908       1 webhook.go:226] "Registering a validating webhook" logger="controller-runtime.builder" GVK="kubedb.com/v1alpha2, Kind=MSSQLServer" path="/validate-kubedb-com-v1alpha2-mssqlserver"
I1029 10:09:19.185941       1 server.go:183] "Registering webhook" logger="controller-runtime.webhook" path="/validate-kubedb-com-v1alpha2-mssqlserver"
I1029 10:09:19.185982       1 webhook.go:188] "Registering a mutating webhook" logger="controller-runtime.builder" GVK="kubedb.com/v1alpha2, Kind=Oracle" path="/mutate-kubedb-com-v1alpha2-oracle"
I1029 10:09:19.186014       1 server.go:183] "Registering webhook" logger="controller-runtime.webhook" path="/mutate-kubedb-com-v1alpha2-oracle"
I1029 10:09:19.186042       1 webhook.go:226] "Registering a validating webhook" logger="controller-runtime.builder" GVK="kubedb.com/v1alpha2, Kind=Oracle" path="/validate-kubedb-com-v1alpha2-oracle"
I1029 10:09:19.186074       1 server.go:183] "Registering webhook" logger="controller-runtime.webhook" path="/validate-kubedb-com-v1alpha2-oracle"
I1029 10:09:19.186138       1 webhook.go:188] "Registering a mutating webhook" logger="controller-runtime.builder" GVK="kubedb.com/v1alpha2, Kind=Pgpool" path="/mutate-kubedb-com-v1alpha2-pgpool"
I1029 10:09:19.186179       1 server.go:183] "Registering webhook" logger="controller-runtime.webhook" path="/mutate-kubedb-com-v1alpha2-pgpool"
I1029 10:09:19.186220       1 webhook.go:226] "Registering a validating webhook" logger="controller-runtime.builder" GVK="kubedb.com/v1alpha2, Kind=Pgpool" path="/validate-kubedb-com-v1alpha2-pgpool"
I1029 10:09:19.186268       1 server.go:183] "Registering webhook" logger="controller-runtime.webhook" path="/validate-kubedb-com-v1alpha2-pgpool"
I1029 10:09:19.186335       1 webhook.go:188] "Registering a mutating webhook" logger="controller-runtime.builder" GVK="kubedb.com/v1alpha2, Kind=RabbitMQ" path="/mutate-kubedb-com-v1alpha2-rabbitmq"
I1029 10:09:19.186394       1 server.go:183] "Registering webhook" logger="controller-runtime.webhook" path="/mutate-kubedb-com-v1alpha2-rabbitmq"
I1029 10:09:19.186438       1 webhook.go:226] "Registering a validating webhook" logger="controller-runtime.builder" GVK="kubedb.com/v1alpha2, Kind=RabbitMQ" path="/validate-kubedb-com-v1alpha2-rabbitmq"
I1029 10:09:19.186489       1 server.go:183] "Registering webhook" logger="controller-runtime.webhook" path="/validate-kubedb-com-v1alpha2-rabbitmq"
I1029 10:09:19.186553       1 webhook.go:188] "Registering a mutating webhook" logger="controller-runtime.builder" GVK="kubedb.com/v1alpha2, Kind=Singlestore" path="/mutate-kubedb-com-v1alpha2-singlestore"
I1029 10:09:19.186608       1 server.go:183] "Registering webhook" logger="controller-runtime.webhook" path="/mutate-kubedb-com-v1alpha2-singlestore"
I1029 10:09:19.186654       1 webhook.go:226] "Registering a validating webhook" logger="controller-runtime.builder" GVK="kubedb.com/v1alpha2, Kind=Singlestore" path="/validate-kubedb-com-v1alpha2-singlestore"
I1029 10:09:19.186711       1 server.go:183] "Registering webhook" logger="controller-runtime.webhook" path="/validate-kubedb-com-v1alpha2-singlestore"
I1029 10:09:19.186776       1 webhook.go:188] "Registering a mutating webhook" logger="controller-runtime.builder" GVK="kubedb.com/v1alpha2, Kind=Solr" path="/mutate-kubedb-com-v1alpha2-solr"
I1029 10:09:19.186829       1 server.go:183] "Registering webhook" logger="controller-runtime.webhook" path="/mutate-kubedb-com-v1alpha2-solr"
I1029 10:09:19.186858       1 webhook.go:226] "Registering a validating webhook" logger="controller-runtime.builder" GVK="kubedb.com/v1alpha2, Kind=Solr" path="/validate-kubedb-com-v1alpha2-solr"
I1029 10:09:19.186913       1 server.go:183] "Registering webhook" logger="controller-runtime.webhook" path="/validate-kubedb-com-v1alpha2-solr"
I1029 10:09:19.186971       1 webhook.go:188] "Registering a mutating webhook" logger="controller-runtime.builder" GVK="kubedb.com/v1alpha2, Kind=ZooKeeper" path="/mutate-kubedb-com-v1alpha2-zookeeper"
I1029 10:09:19.187019       1 server.go:183] "Registering webhook" logger="controller-runtime.webhook" path="/mutate-kubedb-com-v1alpha2-zookeeper"
I1029 10:09:19.187037       1 webhook.go:226] "Registering a validating webhook" logger="controller-runtime.builder" GVK="kubedb.com/v1alpha2, Kind=ZooKeeper" path="/validate-kubedb-com-v1alpha2-zookeeper"
I1029 10:09:19.187087       1 server.go:183] "Registering webhook" logger="controller-runtime.webhook" path="/validate-kubedb-com-v1alpha2-zookeeper"
I1029 10:09:19.187151       1 webhook.go:226] "Registering a validating webhook" logger="controller-runtime.builder" GVK="ops.kubedb.com/v1alpha1, Kind=DruidOpsRequest" path="/validate-ops-kubedb-com-v1alpha1-druidopsrequest"
I1029 10:09:19.187223       1 server.go:183] "Registering webhook" logger="controller-runtime.webhook" path="/validate-ops-kubedb-com-v1alpha1-druidopsrequest"
I1029 10:09:19.187296       1 webhook.go:226] "Registering a validating webhook" logger="controller-runtime.builder" GVK="ops.kubedb.com/v1alpha1, Kind=ElasticsearchOpsRequest" path="/validate-ops-kubedb-com-v1alpha1-elasticsearchopsrequest"
I1029 10:09:19.187322       1 server.go:183] "Registering webhook" logger="controller-runtime.webhook" path="/validate-ops-kubedb-com-v1alpha1-elasticsearchopsrequest"
I1029 10:09:19.187361       1 webhook.go:226] "Registering a validating webhook" logger="controller-runtime.builder" GVK="ops.kubedb.com/v1alpha1, Kind=FerretDBOpsRequest" path="/validate-ops-kubedb-com-v1alpha1-ferretdbopsrequest"
I1029 10:09:19.187374       1 server.go:183] "Registering webhook" logger="controller-runtime.webhook" path="/validate-ops-kubedb-com-v1alpha1-ferretdbopsrequest"
I1029 10:09:19.187407       1 webhook.go:226] "Registering a validating webhook" logger="controller-runtime.builder" GVK="ops.kubedb.com/v1alpha1, Kind=HazelcastOpsRequest" path="/validate-ops-kubedb-com-v1alpha1-hazelcastopsrequest"
I1029 10:09:19.187460       1 server.go:183] "Registering webhook" logger="controller-runtime.webhook" path="/validate-ops-kubedb-com-v1alpha1-hazelcastopsrequest"
I1029 10:09:19.187487       1 webhook.go:226] "Registering a validating webhook" logger="controller-runtime.builder" GVK="ops.kubedb.com/v1alpha1, Kind=KafkaOpsRequest" path="/validate-ops-kubedb-com-v1alpha1-kafkaopsrequest"
I1029 10:09:19.187501       1 server.go:183] "Registering webhook" logger="controller-runtime.webhook" path="/validate-ops-kubedb-com-v1alpha1-kafkaopsrequest"
I1029 10:09:19.187532       1 webhook.go:226] "Registering a validating webhook" logger="controller-runtime.builder" GVK="ops.kubedb.com/v1alpha1, Kind=MariaDBOpsRequest" path="/validate-ops-kubedb-com-v1alpha1-mariadbopsrequest"
I1029 10:09:19.187554       1 server.go:183] "Registering webhook" logger="controller-runtime.webhook" path="/validate-ops-kubedb-com-v1alpha1-mariadbopsrequest"
I1029 10:09:19.187606       1 webhook.go:226] "Registering a validating webhook" logger="controller-runtime.builder" GVK="ops.kubedb.com/v1alpha1, Kind=MemcachedOpsRequest" path="/validate-ops-kubedb-com-v1alpha1-memcachedopsrequest"
I1029 10:09:19.187622       1 server.go:183] "Registering webhook" logger="controller-runtime.webhook" path="/validate-ops-kubedb-com-v1alpha1-memcachedopsrequest"
I1029 10:09:19.187654       1 webhook.go:226] "Registering a validating webhook" logger="controller-runtime.builder" GVK="ops.kubedb.com/v1alpha1, Kind=MongoDBOpsRequest" path="/validate-ops-kubedb-com-v1alpha1-mongodbopsrequest"
I1029 10:09:19.187667       1 server.go:183] "Registering webhook" logger="controller-runtime.webhook" path="/validate-ops-kubedb-com-v1alpha1-mongodbopsrequest"
I1029 10:09:19.187695       1 webhook.go:226] "Registering a validating webhook" logger="controller-runtime.builder" GVK="ops.kubedb.com/v1alpha1, Kind=MSSQLServerOpsRequest" path="/validate-ops-kubedb-com-v1alpha1-mssqlserveropsrequest"
I1029 10:09:19.187708       1 server.go:183] "Registering webhook" logger="controller-runtime.webhook" path="/validate-ops-kubedb-com-v1alpha1-mssqlserveropsrequest"
I1029 10:09:19.187735       1 webhook.go:226] "Registering a validating webhook" logger="controller-runtime.builder" GVK="ops.kubedb.com/v1alpha1, Kind=MySQLOpsRequest" path="/validate-ops-kubedb-com-v1alpha1-mysqlopsrequest"
I1029 10:09:19.187756       1 server.go:183] "Registering webhook" logger="controller-runtime.webhook" path="/validate-ops-kubedb-com-v1alpha1-mysqlopsrequest"
I1029 10:09:19.187785       1 webhook.go:226] "Registering a validating webhook" logger="controller-runtime.builder" GVK="ops.kubedb.com/v1alpha1, Kind=PerconaXtraDBOpsRequest" path="/validate-ops-kubedb-com-v1alpha1-perconaxtradbopsrequest"
I1029 10:09:19.187798       1 server.go:183] "Registering webhook" logger="controller-runtime.webhook" path="/validate-ops-kubedb-com-v1alpha1-perconaxtradbopsrequest"
I1029 10:09:19.187828       1 webhook.go:226] "Registering a validating webhook" logger="controller-runtime.builder" GVK="ops.kubedb.com/v1alpha1, Kind=PgBouncerOpsRequest" path="/validate-ops-kubedb-com-v1alpha1-pgbounceropsrequest"
I1029 10:09:19.187851       1 server.go:183] "Registering webhook" logger="controller-runtime.webhook" path="/validate-ops-kubedb-com-v1alpha1-pgbounceropsrequest"
I1029 10:09:19.187890       1 webhook.go:226] "Registering a validating webhook" logger="controller-runtime.builder" GVK="ops.kubedb.com/v1alpha1, Kind=PgpoolOpsRequest" path="/validate-ops-kubedb-com-v1alpha1-pgpoolopsrequest"
I1029 10:09:19.187909       1 server.go:183] "Registering webhook" logger="controller-runtime.webhook" path="/validate-ops-kubedb-com-v1alpha1-pgpoolopsrequest"
I1029 10:09:19.187940       1 webhook.go:226] "Registering a validating webhook" logger="controller-runtime.builder" GVK="ops.kubedb.com/v1alpha1, Kind=PostgresOpsRequest" path="/validate-ops-kubedb-com-v1alpha1-postgresopsrequest"
I1029 10:09:19.187974       1 server.go:183] "Registering webhook" logger="controller-runtime.webhook" path="/validate-ops-kubedb-com-v1alpha1-postgresopsrequest"
I1029 10:09:19.188042       1 webhook.go:226] "Registering a validating webhook" logger="controller-runtime.builder" GVK="ops.kubedb.com/v1alpha1, Kind=ProxySQLOpsRequest" path="/validate-ops-kubedb-com-v1alpha1-proxysqlopsrequest"
I1029 10:09:19.188073       1 server.go:183] "Registering webhook" logger="controller-runtime.webhook" path="/validate-ops-kubedb-com-v1alpha1-proxysqlopsrequest"
I1029 10:09:19.188111       1 webhook.go:226] "Registering a validating webhook" logger="controller-runtime.builder" GVK="ops.kubedb.com/v1alpha1, Kind=RabbitMQOpsRequest" path="/validate-ops-kubedb-com-v1alpha1-rabbitmqopsrequest"
I1029 10:09:19.188146       1 server.go:183] "Registering webhook" logger="controller-runtime.webhook" path="/validate-ops-kubedb-com-v1alpha1-rabbitmqopsrequest"
I1029 10:09:19.188179       1 webhook.go:226] "Registering a validating webhook" logger="controller-runtime.builder" GVK="ops.kubedb.com/v1alpha1, Kind=RedisOpsRequest" path="/validate-ops-kubedb-com-v1alpha1-redisopsrequest"
I1029 10:09:19.188302       1 server.go:183] "Registering webhook" logger="controller-runtime.webhook" path="/validate-ops-kubedb-com-v1alpha1-redisopsrequest"
I1029 10:09:19.188650       1 webhook.go:226] "Registering a validating webhook" logger="controller-runtime.builder" GVK="ops.kubedb.com/v1alpha1, Kind=RedisSentinelOpsRequest" path="/validate-ops-kubedb-com-v1alpha1-redissentinelopsrequest"
I1029 10:09:19.188736       1 server.go:183] "Registering webhook" logger="controller-runtime.webhook" path="/validate-ops-kubedb-com-v1alpha1-redissentinelopsrequest"
I1029 10:09:19.188873       1 webhook.go:226] "Registering a validating webhook" logger="controller-runtime.builder" GVK="ops.kubedb.com/v1alpha1, Kind=SinglestoreOpsRequest" path="/validate-ops-kubedb-com-v1alpha1-singlestoreopsrequest"
I1029 10:09:19.188942       1 server.go:183] "Registering webhook" logger="controller-runtime.webhook" path="/validate-ops-kubedb-com-v1alpha1-singlestoreopsrequest"
I1029 10:09:19.189207       1 webhook.go:226] "Registering a validating webhook" logger="controller-runtime.builder" GVK="ops.kubedb.com/v1alpha1, Kind=SolrOpsRequest" path="/validate-ops-kubedb-com-v1alpha1-solropsrequest"
I1029 10:09:19.189292       1 server.go:183] "Registering webhook" logger="controller-runtime.webhook" path="/validate-ops-kubedb-com-v1alpha1-solropsrequest"
I1029 10:09:19.189381       1 webhook.go:226] "Registering a validating webhook" logger="controller-runtime.builder" GVK="ops.kubedb.com/v1alpha1, Kind=ZooKeeperOpsRequest" path="/validate-ops-kubedb-com-v1alpha1-zookeeperopsrequest"
I1029 10:09:19.189437       1 server.go:183] "Registering webhook" logger="controller-runtime.webhook" path="/validate-ops-kubedb-com-v1alpha1-zookeeperopsrequest"
I1029 10:09:19.189557       1 webhook.go:226] "Registering a validating webhook" logger="controller-runtime.builder" GVK="postgres.kubedb.com/v1alpha1, Kind=Publisher" path="/validate-postgres-kubedb-com-v1alpha1-publisher"
I1029 10:09:19.189582       1 server.go:183] "Registering webhook" logger="controller-runtime.webhook" path="/validate-postgres-kubedb-com-v1alpha1-publisher"
I1029 10:09:19.189609       1 webhook.go:226] "Registering a validating webhook" logger="controller-runtime.builder" GVK="postgres.kubedb.com/v1alpha1, Kind=Subscriber" path="/validate-postgres-kubedb-com-v1alpha1-subscriber"
I1029 10:09:19.189627       1 server.go:183] "Registering webhook" logger="controller-runtime.webhook" path="/validate-postgres-kubedb-com-v1alpha1-subscriber"
I1029 10:09:19.189666       1 webhook.go:188] "Registering a mutating webhook" logger="controller-runtime.builder" GVK="schema.kubedb.com/v1alpha1, Kind=MariaDBDatabase" path="/mutate-schema-kubedb-com-v1alpha1-mariadbdatabase"
I1029 10:09:19.189685       1 server.go:183] "Registering webhook" logger="controller-runtime.webhook" path="/mutate-schema-kubedb-com-v1alpha1-mariadbdatabase"
I1029 10:09:19.189696       1 webhook.go:226] "Registering a validating webhook" logger="controller-runtime.builder" GVK="schema.kubedb.com/v1alpha1, Kind=MariaDBDatabase" path="/validate-schema-kubedb-com-v1alpha1-mariadbdatabase"
I1029 10:09:19.189710       1 server.go:183] "Registering webhook" logger="controller-runtime.webhook" path="/validate-schema-kubedb-com-v1alpha1-mariadbdatabase"
I1029 10:09:19.189737       1 webhook.go:188] "Registering a mutating webhook" logger="controller-runtime.builder" GVK="schema.kubedb.com/v1alpha1, Kind=MongoDBDatabase" path="/mutate-schema-kubedb-com-v1alpha1-mongodbdatabase"
I1029 10:09:19.189753       1 server.go:183] "Registering webhook" logger="controller-runtime.webhook" path="/mutate-schema-kubedb-com-v1alpha1-mongodbdatabase"
I1029 10:09:19.189764       1 webhook.go:226] "Registering a validating webhook" logger="controller-runtime.builder" GVK="schema.kubedb.com/v1alpha1, Kind=MongoDBDatabase" path="/validate-schema-kubedb-com-v1alpha1-mongodbdatabase"
I1029 10:09:19.189780       1 server.go:183] "Registering webhook" logger="controller-runtime.webhook" path="/validate-schema-kubedb-com-v1alpha1-mongodbdatabase"
I1029 10:09:19.189822       1 webhook.go:188] "Registering a mutating webhook" logger="controller-runtime.builder" GVK="schema.kubedb.com/v1alpha1, Kind=MySQLDatabase" path="/mutate-schema-kubedb-com-v1alpha1-mysqldatabase"
I1029 10:09:19.189842       1 server.go:183] "Registering webhook" logger="controller-runtime.webhook" path="/mutate-schema-kubedb-com-v1alpha1-mysqldatabase"
I1029 10:09:19.189860       1 webhook.go:226] "Registering a validating webhook" logger="controller-runtime.builder" GVK="schema.kubedb.com/v1alpha1, Kind=MySQLDatabase" path="/validate-schema-kubedb-com-v1alpha1-mysqldatabase"
I1029 10:09:19.189887       1 server.go:183] "Registering webhook" logger="controller-runtime.webhook" path="/validate-schema-kubedb-com-v1alpha1-mysqldatabase"
I1029 10:09:19.189923       1 webhook.go:188] "Registering a mutating webhook" logger="controller-runtime.builder" GVK="schema.kubedb.com/v1alpha1, Kind=PostgresDatabase" path="/mutate-schema-kubedb-com-v1alpha1-postgresdatabase"
I1029 10:09:19.189945       1 server.go:183] "Registering webhook" logger="controller-runtime.webhook" path="/mutate-schema-kubedb-com-v1alpha1-postgresdatabase"
I1029 10:09:19.189962       1 webhook.go:226] "Registering a validating webhook" logger="controller-runtime.builder" GVK="schema.kubedb.com/v1alpha1, Kind=PostgresDatabase" path="/validate-schema-kubedb-com-v1alpha1-postgresdatabase"
I1029 10:09:19.189983       1 server.go:183] "Registering webhook" logger="controller-runtime.webhook" path="/validate-schema-kubedb-com-v1alpha1-postgresdatabase"
I1029 10:09:19.190035       1 server.go:208] "Starting metrics server" logger="controller-runtime.metrics"
I1029 10:09:19.190042       1 server.go:162] "disabling http/2" logger="setup"
I1029 10:09:19.190059       1 server.go:83] "starting server" name="health probe" addr="[::]:8081"
I1029 10:09:19.190122       1 server.go:247] "Serving metrics server" logger="controller-runtime.metrics" bindAddress=":8443" secure=true
I1029 10:09:19.190124       1 server.go:191] "Starting webhook server" logger="controller-runtime.webhook"
I1029 10:09:19.190136       1 server.go:162] "disabling http/2" logger="setup"
I1029 10:09:19.190168       1 server.go:242] "Serving webhook server" logger="controller-runtime.webhook" host="" port=9443
I1029 10:09:19.190219       1 certwatcher.go:133] "Starting certificate poll+watcher" logger="controller-runtime.certwatcher" interval="10s"
I1029 10:09:19.190258       1 conversion.go:75] Setting up spec.conversion in the CRDs
I1029 10:09:21.705767       1 conversion.go:276] getting Elasticsearch db named kubedb/test-elasticsearch-prb9u7 
I1029 10:09:21.870457       1 conversion.go:283] db not found, creating
I1029 10:09:21.885177       1 elasticsearch.go:72] "default" logger="elasticsearch-resource" name="test-elasticsearch-prb9u7"
I1029 10:09:21.885422       1 reflector.go:313] Starting reflector *v1alpha1.ElasticsearchVersion (1h5m15.81676062s) from sigs.k8s.io/controller-runtime/pkg/cache/internal/informers.go:108
I1029 10:09:21.885445       1 reflector.go:349] Listing and watching *v1alpha1.ElasticsearchVersion from sigs.k8s.io/controller-runtime/pkg/cache/internal/informers.go:108
I1029 10:09:21.893538       1 reflector.go:376] Caches populated for *v1alpha1.ElasticsearchVersion from sigs.k8s.io/controller-runtime/pkg/cache/internal/informers.go:108
I1029 10:09:21.994913       1 elasticsearch.go:316] "validating" logger="mysql-resource" name="test-elasticsearch-prb9u7"
I1029 10:09:24.205841       1 conversion.go:276] getting Elasticsearch db named kubedb/test-elasticsearch-prb9u7 
I1029 10:09:24.207833       1 conversion.go:295] db found
I1029 10:09:24.207890       1 conversion.go:311] requestGot,  map[cpu:{{345 -3} {<nil>} 345m DecimalSI} memory:{{478150656 0} {<nil>}  BinarySI}] len of containers is  1
I1029 10:09:24.213799       1 reflector.go:313] Starting reflector *v1.Elasticsearch (59m59.843569607s) from sigs.k8s.io/controller-runtime/pkg/cache/internal/informers.go:108
I1029 10:09:24.213814       1 reflector.go:349] Listing and watching *v1.Elasticsearch from sigs.k8s.io/controller-runtime/pkg/cache/internal/informers.go:108
I1029 10:09:24.214734       1 reflector.go:376] Caches populated for *v1.Elasticsearch from sigs.k8s.io/controller-runtime/pkg/cache/internal/informers.go:108
I1029 10:09:26.825444       1 conversion.go:276] getting MariaDB db named kubedb/test-mariadb-49q7ni 
I1029 10:09:26.827482       1 conversion.go:283] db not found, creating
I1029 10:09:26.835396       1 mariadb.go:71] "defaulting" logger="mariadb-resource" name="test-mariadb-49q7ni"
I1029 10:09:26.835538       1 reflector.go:313] Starting reflector *v1alpha1.MariaDBVersion (1h2m28.150161399s) from sigs.k8s.io/controller-runtime/pkg/cache/internal/informers.go:108
I1029 10:09:26.835547       1 reflector.go:349] Listing and watching *v1alpha1.MariaDBVersion from sigs.k8s.io/controller-runtime/pkg/cache/internal/informers.go:108
I1029 10:09:26.837474       1 reflector.go:376] Caches populated for *v1alpha1.MariaDBVersion from sigs.k8s.io/controller-runtime/pkg/cache/internal/informers.go:108
I1029 10:09:26.936354       1 reflector.go:313] Starting reflector *v1alpha1.MariaDBArchiver (1h3m12.72785124s) from sigs.k8s.io/controller-runtime/pkg/cache/internal/informers.go:108
I1029 10:09:26.936367       1 reflector.go:349] Listing and watching *v1alpha1.MariaDBArchiver from sigs.k8s.io/controller-runtime/pkg/cache/internal/informers.go:108
I1029 10:09:26.937373       1 reflector.go:376] Caches populated for *v1alpha1.MariaDBArchiver from sigs.k8s.io/controller-runtime/pkg/cache/internal/informers.go:108
I1029 10:09:27.047885       1 mariadb.go:140] "validating" logger="mariadb-resource" name="test-mariadb-49q7ni"
I1029 10:09:29.325779       1 conversion.go:276] getting MariaDB db named kubedb/test-mariadb-49q7ni 
I1029 10:09:29.328873       1 conversion.go:295] db found
I1029 10:09:29.328925       1 conversion.go:311] requestGot,  map[cpu:{{345 -3} {<nil>} 345m DecimalSI} memory:{{478150656 0} {<nil>}  BinarySI}] len of containers is  1
I1029 10:09:29.333677       1 reflector.go:313] Starting reflector *v1.MariaDB (57m38.392923633s) from sigs.k8s.io/controller-runtime/pkg/cache/internal/informers.go:108
I1029 10:09:29.333694       1 reflector.go:349] Listing and watching *v1.MariaDB from sigs.k8s.io/controller-runtime/pkg/cache/internal/informers.go:108
I1029 10:09:29.334653       1 reflector.go:376] Caches populated for *v1.MariaDB from sigs.k8s.io/controller-runtime/pkg/cache/internal/informers.go:108
I1029 10:09:31.951877       1 conversion.go:276] getting MongoDB db named kubedb/test-mongodb-ix3qrl 
I1029 10:09:31.953871       1 conversion.go:283] db not found, creating
I1029 10:09:31.962674       1 mongodb.go:68] "defaulting MongoDB" logger="admission" webhookGroup="kubedb.com" webhookKind="MongoDB" MongoDB="kubedb/test-mongodb-ix3qrl" namespace="kubedb" name="test-mongodb-ix3qrl" resource={"group":"kubedb.com","version":"v1","resource":"mongodbs"} user="system:serviceaccount:kubedb:kubedb-kubedb-webhook-server" requestID="e0fc18d0-f881-477a-9d9a-69aee4266ef4"
I1029 10:09:31.962824       1 reflector.go:313] Starting reflector *v1alpha1.MongoDBVersion (57m48.065012952s) from sigs.k8s.io/controller-runtime/pkg/cache/internal/informers.go:108
I1029 10:09:31.962832       1 reflector.go:349] Listing and watching *v1alpha1.MongoDBVersion from sigs.k8s.io/controller-runtime/pkg/cache/internal/informers.go:108
I1029 10:09:31.966461       1 reflector.go:376] Caches populated for *v1alpha1.MongoDBVersion from sigs.k8s.io/controller-runtime/pkg/cache/internal/informers.go:108
I1029 10:09:32.073613       1 mongodb.go:99] "creating MongoDB" logger="admission" webhookGroup="kubedb.com" webhookKind="MongoDB" MongoDB="kubedb/test-mongodb-ix3qrl" namespace="kubedb" name="test-mongodb-ix3qrl" resource={"group":"kubedb.com","version":"v1","resource":"mongodbs"} user="system:serviceaccount:kubedb:kubedb-kubedb-webhook-server" requestID="387b467e-d9dc-44ec-a70e-5e02add87005"
I1029 10:09:34.452776       1 conversion.go:276] getting MongoDB db named kubedb/test-mongodb-ix3qrl 
I1029 10:09:34.455730       1 conversion.go:295] db found
I1029 10:09:34.455830       1 conversion.go:311] requestGot,  map[cpu:{{345 -3} {<nil>} 345m DecimalSI} memory:{{478150656 0} {<nil>}  BinarySI}] len of containers is  1
I1029 10:09:34.461851       1 mongodb.go:134] "deleting MongoDB" logger="admission" webhookGroup="kubedb.com" webhookKind="MongoDB" MongoDB="kubedb/test-mongodb-ix3qrl" namespace="kubedb" name="test-mongodb-ix3qrl" resource={"group":"kubedb.com","version":"v1","resource":"mongodbs"} user="system:serviceaccount:kubedb:kubedb-kubedb-webhook-server" requestID="caf4cf76-ade3-4eda-ac06-49e0787bd2b0"
I1029 10:09:34.462033       1 reflector.go:313] Starting reflector *v1.MongoDB (1h2m56.834969725s) from sigs.k8s.io/controller-runtime/pkg/cache/internal/informers.go:108
I1029 10:09:34.462050       1 reflector.go:349] Listing and watching *v1.MongoDB from sigs.k8s.io/controller-runtime/pkg/cache/internal/informers.go:108
I1029 10:09:34.462876       1 reflector.go:376] Caches populated for *v1.MongoDB from sigs.k8s.io/controller-runtime/pkg/cache/internal/informers.go:108
I1029 10:09:37.077271       1 conversion.go:276] getting MySQL db named kubedb/test-mysql-gh6y38 
I1029 10:09:37.079843       1 conversion.go:283] db not found, creating
I1029 10:09:37.088081       1 mysql.go:66] "defaulting" logger="mysql-resource" name="test-mysql-gh6y38"
I1029 10:09:37.088220       1 reflector.go:313] Starting reflector *v1alpha1.MySQLVersion (54m16.916511858s) from sigs.k8s.io/controller-runtime/pkg/cache/internal/informers.go:108
I1029 10:09:37.088231       1 reflector.go:349] Listing and watching *v1alpha1.MySQLVersion from sigs.k8s.io/controller-runtime/pkg/cache/internal/informers.go:108
I1029 10:09:37.090765       1 reflector.go:376] Caches populated for *v1alpha1.MySQLVersion from sigs.k8s.io/controller-runtime/pkg/cache/internal/informers.go:108
I1029 10:09:37.197493       1 mysql.go:99] "validating" logger="mysql-resource" name="test-mysql-gh6y38"
I1029 10:09:39.575876       1 conversion.go:276] getting MySQL db named kubedb/test-mysql-gh6y38 
I1029 10:09:39.579447       1 conversion.go:295] db found
I1029 10:09:39.579496       1 conversion.go:311] requestGot,  map[cpu:{{345 -3} {<nil>} 345m DecimalSI} memory:{{478150656 0} {<nil>}  BinarySI}] len of containers is  1
I1029 10:09:39.583903       1 reflector.go:313] Starting reflector *v1.MySQL (1h1m43.324571011s) from sigs.k8s.io/controller-runtime/pkg/cache/internal/informers.go:108
I1029 10:09:39.583914       1 reflector.go:349] Listing and watching *v1.MySQL from sigs.k8s.io/controller-runtime/pkg/cache/internal/informers.go:108
I1029 10:09:39.584773       1 reflector.go:376] Caches populated for *v1.MySQL from sigs.k8s.io/controller-runtime/pkg/cache/internal/informers.go:108
I1029 10:09:42.209002       1 conversion.go:276] getting Postgres db named kubedb/test-postgres-i8z8x6 
I1029 10:09:42.211887       1 conversion.go:283] db not found, creating
I1029 10:09:42.220741       1 postgres.go:69] "defaulting" logger="postgres-resource" name="test-postgres-i8z8x6"
I1029 10:09:42.220881       1 reflector.go:313] Starting reflector *v1alpha1.PostgresVersion (1h3m33.2915515s) from sigs.k8s.io/controller-runtime/pkg/cache/internal/informers.go:108
I1029 10:09:42.220895       1 reflector.go:349] Listing and watching *v1alpha1.PostgresVersion from sigs.k8s.io/controller-runtime/pkg/cache/internal/informers.go:108
I1029 10:09:42.230645       1 reflector.go:376] Caches populated for *v1alpha1.PostgresVersion from sigs.k8s.io/controller-runtime/pkg/cache/internal/informers.go:108
I1029 10:09:42.332062       1 postgres.go:398] "validating" logger="postgres-resource" name="test-postgres-i8z8x6"
I1029 10:09:44.707438       1 conversion.go:276] getting Postgres db named kubedb/test-postgres-i8z8x6 
I1029 10:09:44.710442       1 conversion.go:295] db found
I1029 10:09:44.710492       1 conversion.go:311] requestGot,  map[cpu:{{345 -3} {<nil>} 345m DecimalSI} memory:{{478150656 0} {<nil>}  BinarySI}] len of containers is  2
I1029 10:09:44.717118       1 reflector.go:313] Starting reflector *v1.Postgres (1h4m17.532190823s) from sigs.k8s.io/controller-runtime/pkg/cache/internal/informers.go:108
I1029 10:09:44.717141       1 reflector.go:349] Listing and watching *v1.Postgres from sigs.k8s.io/controller-runtime/pkg/cache/internal/informers.go:108
I1029 10:09:44.718521       1 reflector.go:376] Caches populated for *v1.Postgres from sigs.k8s.io/controller-runtime/pkg/cache/internal/informers.go:108
I1029 10:09:47.330929       1 conversion.go:276] getting Redis db named kubedb/test-redis-tr6uaa 
I1029 10:09:47.333683       1 conversion.go:283] db not found, creating
I1029 10:09:47.341925       1 redis.go:70] "defaulting" logger="redis-resource" name="test-redis-tr6uaa"
I1029 10:09:47.342075       1 reflector.go:313] Starting reflector *v1alpha1.RedisVersion (57m57.312161223s) from sigs.k8s.io/controller-runtime/pkg/cache/internal/informers.go:108
I1029 10:09:47.342085       1 reflector.go:349] Listing and watching *v1alpha1.RedisVersion from sigs.k8s.io/controller-runtime/pkg/cache/internal/informers.go:108
I1029 10:09:47.344177       1 reflector.go:376] Caches populated for *v1alpha1.RedisVersion from sigs.k8s.io/controller-runtime/pkg/cache/internal/informers.go:108
I1029 10:09:47.452876       1 redis.go:102] "validating" logger="redis-resource" name="test-redis-tr6uaa"
I1029 10:09:49.829704       1 conversion.go:276] getting Redis db named kubedb/test-redis-tr6uaa 
I1029 10:09:49.833322       1 conversion.go:295] db found
I1029 10:09:49.833391       1 conversion.go:311] requestGot,  map[cpu:{{345 -3} {<nil>} 345m DecimalSI} memory:{{478150656 0} {<nil>}  BinarySI}] len of containers is  1
I1029 10:09:49.839618       1 reflector.go:313] Starting reflector *v1.Redis (1h1m44.357590363s) from sigs.k8s.io/controller-runtime/pkg/cache/internal/informers.go:108
I1029 10:09:49.839649       1 reflector.go:349] Listing and watching *v1.Redis from sigs.k8s.io/controller-runtime/pkg/cache/internal/informers.go:108
I1029 10:09:49.840604       1 reflector.go:376] Caches populated for *v1.Redis from sigs.k8s.io/controller-runtime/pkg/cache/internal/informers.go:108
I1029 10:09:49.946622       1 reflector.go:313] Starting reflector *v1.Pod (59m40.951767188s) from sigs.k8s.io/controller-runtime/pkg/cache/internal/informers.go:108
I1029 10:09:49.946651       1 reflector.go:349] Listing and watching *v1.Pod from sigs.k8s.io/controller-runtime/pkg/cache/internal/informers.go:108
I1029 10:09:49.948664       1 reflector.go:376] Caches populated for *v1.Pod from sigs.k8s.io/controller-runtime/pkg/cache/internal/informers.go:108
I1029 10:09:50.051898       1 conversion.go:374] Successfully updated the readiness gate condition to True
I1029 10:10:00.052107       1 conversion.go:403] Done ticking!
I1029 11:28:58.870352       1 postgres.go:69] "defaulting" logger="postgres-resource" name="pgs"
I1029 11:28:58.877252       1 postgres.go:398] "validating" logger="postgres-resource" name="pgs"
I1029 11:28:58.889086       1 kafka.go:69] "default" logger="kafka-resource" name="kfs"
I1029 11:28:58.889224       1 reflector.go:313] Starting reflector *v1alpha1.KafkaVersion (1h4m26.42244066s) from sigs.k8s.io/controller-runtime/pkg/cache/internal/informers.go:108
I1029 11:28:58.889234       1 reflector.go:349] Listing and watching *v1alpha1.KafkaVersion from sigs.k8s.io/controller-runtime/pkg/cache/internal/informers.go:108
I1029 11:28:58.889705       1 postgres.go:69] "defaulting" logger="postgres-resource" name="pgs"
I1029 11:28:58.890729       1 reflector.go:376] Caches populated for *v1alpha1.KafkaVersion from sigs.k8s.io/controller-runtime/pkg/cache/internal/informers.go:108
I1029 11:28:58.996020       1 kafka.go:82] "validate create" logger="kafka-resource" name="kfs"
I1029 11:28:59.104112       1 kafka.go:69] "default" logger="kafka-resource" name="kfs"
I1029 11:28:59.107556       1 kafka.go:92] "validate update" logger="kafka-resource" name="kfs"
I1029 11:28:59.138629       1 kafka.go:69] "default" logger="kafka-resource" name="kfs"
I1029 11:28:59.140675       1 kafka.go:92] "validate update" logger="kafka-resource" name="kfs"
I1029 11:28:59.393538       1 postgres.go:69] "defaulting" logger="postgres-resource" name="pgs"
I1030 09:18:41.321778       1 postgres.go:69] "defaulting" logger="postgres-resource" name="pgs"
I1030 09:18:41.357268       1 kafka.go:102] "validate delete" logger="kafka-resource" name="kfs"
I1030 09:18:41.428771       1 kafka.go:69] "default" logger="kafka-resource" name="kfs"
I1030 09:18:41.431204       1 kafka.go:92] "validate update" logger="kafka-resource" name="kfs"
I1030 09:19:11.579490       1 mongodb.go:68] "defaulting MongoDB" logger="admission" webhookGroup="kubedb.com" webhookKind="MongoDB" MongoDB="demo/mgc" namespace="demo" name="mgc" resource={"group":"kubedb.com","version":"v1","resource":"mongodbs"} user="system:admin" requestID="ac051263-88b6-4344-bdfc-d9d5556e303e"
I1030 09:19:11.586160       1 mongodb.go:99] "creating MongoDB" logger="admission" webhookGroup="kubedb.com" webhookKind="MongoDB" MongoDB="demo/mgc" namespace="demo" name="mgc" resource={"group":"kubedb.com","version":"v1","resource":"mongodbs"} user="system:admin" requestID="eb0f2db5-07b7-4379-8212-e066e7b48fb8"
I1030 09:19:11.586310       1 reflector.go:313] Starting reflector *v1.StorageClass (1h3m37.382864957s) from sigs.k8s.io/controller-runtime/pkg/cache/internal/informers.go:108
I1030 09:19:11.586318       1 reflector.go:349] Listing and watching *v1.StorageClass from sigs.k8s.io/controller-runtime/pkg/cache/internal/informers.go:108
I1030 09:19:11.587262       1 reflector.go:376] Caches populated for *v1.StorageClass from sigs.k8s.io/controller-runtime/pkg/cache/internal/informers.go:108
I1030 09:19:11.699913       1 mongodb.go:68] "defaulting MongoDB" logger="admission" webhookGroup="kubedb.com" webhookKind="MongoDB" MongoDB="demo/mgc" namespace="demo" name="mgc" resource={"group":"kubedb.com","version":"v1","resource":"mongodbs"} user="system:serviceaccount:kubedb:kubedb-kubedb-provisioner" requestID="c2800d91-246e-48a3-b98f-a2c1b8e0b90e"
I1030 09:19:11.701089       1 mongodb.go:63] "defaulting" logger="mongodb-autoscaler" name="mgc"
I1030 09:19:11.703048       1 mongodb.go:105] "updating MongoDB" logger="admission" webhookGroup="kubedb.com" webhookKind="MongoDB" MongoDB="demo/mgc" namespace="demo" name="mgc" resource={"group":"kubedb.com","version":"v1","resource":"mongodbs"} user="system:serviceaccount:kubedb:kubedb-kubedb-provisioner" requestID="89d2c840-350b-44e8-95f5-a38b91c79e2a"
I1030 09:19:11.705537       1 mongodb.go:130] "validate create" logger="mongodb-autoscaler" name="mgc"
I1030 09:19:11.811946       1 mongodb.go:63] "defaulting" logger="mongodb-autoscaler" name="mgc"
I1031 10:53:29.617145       1 mongodb.go:68] "defaulting MongoDB" logger="admission" webhookGroup="kubedb.com" webhookKind="MongoDB" MongoDB="demo/mgc" namespace="demo" name="mgc" resource={"group":"kubedb.com","version":"v1","resource":"mongodbs"} user="system:serviceaccount:kubedb:kubedb-kubedb-provisioner" requestID="21eca563-3060-4a75-a811-95227054e8f3"
I1031 10:53:29.622168       1 mongodb.go:105] "updating MongoDB" logger="admission" webhookGroup="kubedb.com" webhookKind="MongoDB" MongoDB="demo/mgc" namespace="demo" name="mgc" resource={"group":"kubedb.com","version":"v1","resource":"mongodbs"} user="system:serviceaccount:kubedb:kubedb-kubedb-provisioner" requestID="7d1bb3a8-03c9-4389-8b27-5d18db5bcbaf"
I1031 10:53:29.634944       1 mongodb.go:68] "defaulting MongoDB" logger="admission" webhookGroup="kubedb.com" webhookKind="MongoDB" MongoDB="demo/mgc" namespace="demo" name="mgc" resource={"group":"kubedb.com","version":"v1","resource":"mongodbs"} user="system:serviceaccount:kubedb:kubedb-kubedb-provisioner" requestID="3f5c90c0-ec56-4f1f-a59d-de7f486e52d7"
I1031 10:53:29.637315       1 mongodb.go:105] "updating MongoDB" logger="admission" webhookGroup="kubedb.com" webhookKind="MongoDB" MongoDB="demo/mgc" namespace="demo" name="mgc" resource={"group":"kubedb.com","version":"v1","resource":"mongodbs"} user="system:serviceaccount:kubedb:kubedb-kubedb-provisioner" requestID="fdb49e73-19f3-4a36-9a60-06f784cf0661"
I1031 11:38:47.208858       1 mongodb.go:67] "validate create" logger="mongodb-opsrequest" name="mgc-restart"
I1031 11:59:23.382263       1 mongodb.go:67] "validate create" logger="mongodb-opsrequest" name="mgc-restart"
I1105 11:20:45.641145       1 mongodb.go:134] "deleting MongoDB" logger="admission" webhookGroup="kubedb.com" webhookKind="MongoDB" MongoDB="demo/mgc" namespace="demo" name="mgc" resource={"group":"kubedb.com","version":"v1","resource":"mongodbs"} user="system:admin" requestID="58887c1a-cab0-4a11-b230-642d08743e10"
I1105 11:20:45.670878       1 mongodb.go:68] "defaulting MongoDB" logger="admission" webhookGroup="kubedb.com" webhookKind="MongoDB" MongoDB="demo/mgc" namespace="demo" name="mgc" resource={"group":"kubedb.com","version":"v1","resource":"mongodbs"} user="system:serviceaccount:kubedb:kubedb-kubedb-provisioner" requestID="1acaab72-dd48-42dc-9dec-0ae1fce7fbd0"
I1105 11:20:45.673913       1 mongodb.go:105] "updating MongoDB" logger="admission" webhookGroup="kubedb.com" webhookKind="MongoDB" MongoDB="demo/mgc" namespace="demo" name="mgc" resource={"group":"kubedb.com","version":"v1","resource":"mongodbs"} user="system:serviceaccount:kubedb:kubedb-kubedb-provisioner" requestID="8bf34937-ea05-474e-9957-90a406dba01a"
I1105 11:24:22.505790       1 redis.go:70] "defaulting" logger="redis-resource" name="rd-hiranmoy"
I1105 11:24:22.511379       1 redis.go:102] "validating" logger="redis-resource" name="rd-hiranmoy"
I1105 11:24:22.522245       1 redis.go:70] "defaulting" logger="redis-resource" name="rd-hiranmoy"
I1105 11:24:22.525468       1 redis.go:62] "defaulting" logger="redis-autoscaler" name="rd-hiranmoy"
I1105 11:24:22.530078       1 redis.go:104] "validate create" logger="redis-autoscaler" name="rd-hiranmoy"
I1105 11:24:22.636446       1 redis.go:62] "defaulting" logger="redis-autoscaler" name="rd-hiranmoy"
I1105 11:24:22.638962       1 redis.go:114] "validate update" logger="redis-autoscaler" name="rd-hiranmoy"
I1105 11:24:22.653932       1 redis.go:70] "defaulting" logger="redis-resource" name="rd-hiranmoy"
I1105 11:28:25.839390       1 redis.go:70] "validate create" logger="redis-opsrequest" name="rd-hiranmoy-1762342060-horizontalscaling"
I1105 11:29:01.422079       1 redis.go:70] "validate create" logger="redis-opsrequest" name="rd-hiranmoy-1762342136-horizontalscaling"
I1105 11:29:18.917253       1 redis.go:70] "validate create" logger="redis-opsrequest" name="rd-hiranmoy-1762342152-horizontalscaling"
I1105 11:29:44.553368       1 redis.go:70] "validate create" logger="redis-opsrequest" name="rd-hiranmoy-1762342163-verticalscaling"
I1105 11:33:22.846223       1 redis.go:70] "defaulting" logger="redis-resource" name="rd-hiranmoy"
I1105 11:34:03.184244       1 redis.go:70] "validate create" logger="redis-opsrequest" name="rd-hiranmoy-1762342399-horizontalscaling"
I1105 11:34:08.787655       1 redis.go:70] "validate create" logger="redis-opsrequest" name="rd-hiranmoy-1762342445-horizontalscaling"
I1105 11:36:09.932723       1 redis.go:70] "defaulting" logger="redis-resource" name="rd-hiranmoy"
I1106 05:51:57.929471       1 mariadb.go:71] "defaulting" logger="mariadb-resource" name="mds"
I1106 05:51:57.934494       1 mariadb.go:140] "validating" logger="mariadb-resource" name="mds"
I1106 05:51:57.946273       1 mariadb.go:71] "defaulting" logger="mariadb-resource" name="mds"
I1106 05:51:57.946529       1 mariadb.go:61] "defaulting" logger="mariadb-autoscaler" name="mds"
I1106 05:51:57.950772       1 mariadb.go:99] "validate create" logger="mariadb-autoscaler" name="mds"
I1106 05:51:58.057468       1 mariadb.go:61] "defaulting" logger="mariadb-autoscaler" name="mds"
I1106 05:51:58.434941       1 mariadb.go:71] "defaulting" logger="mariadb-resource" name="mds"
