2025-11-06 05:52:49+00:00 [Note] [Entrypoint]: Entrypoint script for MariaDB Server 1:11.5.2+maria~ubu2404 started.
2025-11-06 05:52:49+00:00 [Note] [Entrypoint]: Initializing database files
2025-11-06  5:52:49 0 [Warning] mariadbd: io_uring_queue_init() failed with errno 95
2025-11-06  5:52:49 0 [Warning] InnoDB: liburing disabled: falling back to innodb_use_native_aio=OFF
2025-11-06 05:52:51+00:00 [Note] [Entrypoint]: Database files initialized
2025-11-06 05:52:51+00:00 [Note] [Entrypoint]: Starting temporary server
2025-11-06 05:52:51+00:00 [Note] [Entrypoint]: Waiting for server startup
2025-11-06  5:52:51 0 [Note] Starting MariaDB 11.5.2-MariaDB-ubu2404 source revision ea75a0b6009b0251e83193cd38c3974e36b65e06 server_uid Snk5KKv0puk1iYAYc8XzxrGrDEQ= as process 69
2025-11-06  5:52:51 0 [Note] InnoDB: Compressed tables use zlib 1.3
2025-11-06  5:52:51 0 [Note] InnoDB: Number of transaction pools: 1
2025-11-06  5:52:51 0 [Note] InnoDB: Using AVX512 instructions
2025-11-06  5:52:51 0 [Note] mariadbd: O_TMPFILE is not supported on /tmp (disabling future attempts)
2025-11-06  5:52:51 0 [Warning] mariadbd: io_uring_queue_init() failed with errno 95
2025-11-06  5:52:51 0 [Warning] InnoDB: liburing disabled: falling back to innodb_use_native_aio=OFF
2025-11-06  5:52:51 0 [Note] InnoDB: Initializing buffer pool, total size = 128.000MiB, chunk size = 2.000MiB
2025-11-06  5:52:51 0 [Note] InnoDB: Completed initialization of buffer pool
2025-11-06  5:52:51 0 [Note] InnoDB: File system buffers for log disabled (block size=512 bytes)
2025-11-06  5:52:51 0 [Note] InnoDB: End of log at LSN=47763
2025-11-06  5:52:51 0 [Note] InnoDB: Opened 3 undo tablespaces
2025-11-06  5:52:51 0 [Note] InnoDB: 128 rollback segments in 3 undo tablespaces are active.
2025-11-06  5:52:51 0 [Note] InnoDB: Setting file './ibtmp1' size to 12.000MiB. Physically writing the file full; Please wait ...
2025-11-06  5:52:51 0 [Note] InnoDB: File './ibtmp1' size is now 12.000MiB.
2025-11-06  5:52:51 0 [Note] InnoDB: log sequence number 47763; transaction id 14
2025-11-06  5:52:51 0 [Note] Plugin 'FEEDBACK' is disabled.
2025-11-06  5:52:51 0 [Note] Plugin 'wsrep-provider' is disabled.
2025-11-06  5:52:52 0 [Note] mariadbd: Event Scheduler: Loaded 0 events
2025-11-06  5:52:52 0 [Note] mariadbd: ready for connections.
Version: '11.5.2-MariaDB-ubu2404'  socket: '/run/mysqld/mysqld.sock'  port: 0  mariadb.org binary distribution
2025-11-06 05:52:53+00:00 [Note] [Entrypoint]: Temporary server started.
2025-11-06 05:52:54+00:00 [Note] [Entrypoint]: Securing system users (equivalent to running mysql_secure_installation)

2025-11-06 05:52:54+00:00 [Note] [Entrypoint]: Stopping temporary server
2025-11-06  5:52:54 0 [Note] mariadbd (initiated by: unknown): Normal shutdown
2025-11-06  5:52:54 0 [Note] InnoDB: FTS optimize thread exiting.
2025-11-06  5:52:54 0 [Note] InnoDB: Starting shutdown...
2025-11-06  5:52:54 0 [Note] InnoDB: Dumping buffer pool(s) to /var/lib/mysql/ib_buffer_pool
2025-11-06  5:52:54 0 [Note] InnoDB: Buffer pool(s) dump completed at 251106  5:52:54
2025-11-06  5:52:54 0 [Note] InnoDB: Removed temporary tablespace data file: "./ibtmp1"
2025-11-06  5:52:54 0 [Note] InnoDB: Shutdown completed; log sequence number 47763; transaction id 15
2025-11-06  5:52:54 0 [Note] mariadbd: Shutdown complete

2025-11-06 05:52:54+00:00 [Note] [Entrypoint]: Temporary server stopped

2025-11-06 05:52:54+00:00 [Note] [Entrypoint]: MariaDB init process done. Ready for start up.

2025-11-06  5:52:54 0 [Note] Starting MariaDB 11.5.2-MariaDB-ubu2404 source revision ea75a0b6009b0251e83193cd38c3974e36b65e06 server_uid Snk5KKv0puk1iYAYc8XzxrGrDEQ= as process 1
2025-11-06  5:52:54 0 [Note] InnoDB: Compressed tables use zlib 1.3
2025-11-06  5:52:54 0 [Note] InnoDB: Number of transaction pools: 1
2025-11-06  5:52:54 0 [Note] InnoDB: Using AVX512 instructions
2025-11-06  5:52:54 0 [Note] mariadbd: O_TMPFILE is not supported on /tmp (disabling future attempts)
2025-11-06  5:52:54 0 [Warning] mariadbd: io_uring_queue_init() failed with errno 95
2025-11-06  5:52:54 0 [Warning] InnoDB: liburing disabled: falling back to innodb_use_native_aio=OFF
2025-11-06  5:52:54 0 [Note] InnoDB: Initializing buffer pool, total size = 128.000MiB, chunk size = 2.000MiB
2025-11-06  5:52:54 0 [Note] InnoDB: Completed initialization of buffer pool
2025-11-06  5:52:54 0 [Note] InnoDB: File system buffers for log disabled (block size=512 bytes)
2025-11-06  5:52:54 0 [Note] InnoDB: End of log at LSN=47763
2025-11-06  5:52:54 0 [Note] InnoDB: Opened 3 undo tablespaces
2025-11-06  5:52:54 0 [Note] InnoDB: 128 rollback segments in 3 undo tablespaces are active.
2025-11-06  5:52:54 0 [Note] InnoDB: Setting file './ibtmp1' size to 12.000MiB. Physically writing the file full; Please wait ...
2025-11-06  5:52:54 0 [Note] InnoDB: File './ibtmp1' size is now 12.000MiB.
2025-11-06  5:52:54 0 [Note] InnoDB: log sequence number 47763; transaction id 14
2025-11-06  5:52:54 0 [Note] Plugin 'FEEDBACK' is disabled.
2025-11-06  5:52:54 0 [Note] InnoDB: Loading buffer pool(s) from /var/lib/mysql/ib_buffer_pool
2025-11-06  5:52:54 0 [Note] Plugin 'wsrep-provider' is disabled.
2025-11-06  5:52:54 0 [Note] InnoDB: Buffer pool(s) load completed at 251106  5:52:54
2025-11-06  5:52:56 0 [Note] Server socket created on IP: '0.0.0.0'.
2025-11-06  5:52:56 0 [Note] Server socket created on IP: '::'.
2025-11-06  5:52:56 0 [Note] mariadbd: Event Scheduler: Loaded 0 events
2025-11-06  5:52:56 0 [Note] mariadbd: ready for connections.
Version: '11.5.2-MariaDB-ubu2404'  socket: '/run/mysqld/mysqld.sock'  port: 3306  mariadb.org binary distribution
