I1106 06:19:52.821883       1 log.go:245] FLAG: --add-dir-header="false"
I1106 06:19:52.822009       1 log.go:245] FLAG: --alsologtostderr="false"
I1106 06:19:52.822015       1 log.go:245] FLAG: --audit-log-batch-buffer-size="10000"
I1106 06:19:52.822019       1 log.go:245] FLAG: --audit-log-batch-max-size="1"
I1106 06:19:52.822024       1 log.go:245] FLAG: --audit-log-batch-max-wait="0s"
I1106 06:19:52.822030       1 log.go:245] FLAG: --audit-log-batch-throttle-burst="0"
I1106 06:19:52.822035       1 log.go:245] FLAG: --audit-log-batch-throttle-enable="false"
I1106 06:19:52.822041       1 log.go:245] FLAG: --audit-log-batch-throttle-qps="0"
I1106 06:19:52.822046       1 log.go:245] FLAG: --audit-log-compress="false"
I1106 06:19:52.822051       1 log.go:245] FLAG: --audit-log-format="json"
I1106 06:19:52.822057       1 log.go:245] FLAG: --audit-log-maxage="0"
I1106 06:19:52.822062       1 log.go:245] FLAG: --audit-log-maxbackup="0"
I1106 06:19:52.822066       1 log.go:245] FLAG: --audit-log-maxsize="0"
I1106 06:19:52.822072       1 log.go:245] FLAG: --audit-log-mode="blocking"
I1106 06:19:52.822085       1 log.go:245] FLAG: --audit-log-path="-"
I1106 06:19:52.822090       1 log.go:245] FLAG: --audit-log-truncate-enabled="false"
I1106 06:19:52.822102       1 log.go:245] FLAG: --audit-log-truncate-max-batch-size="10485760"
I1106 06:19:52.822107       1 log.go:245] FLAG: --audit-log-truncate-max-event-size="102400"
I1106 06:19:52.822113       1 log.go:245] FLAG: --audit-log-version="audit.k8s.io/v1"
I1106 06:19:52.822118       1 log.go:245] FLAG: --audit-policy-file=""
I1106 06:19:52.822123       1 log.go:245] FLAG: --audit-webhook-batch-buffer-size="10000"
I1106 06:19:52.822129       1 log.go:245] FLAG: --audit-webhook-batch-initial-backoff="10s"
I1106 06:19:52.822134       1 log.go:245] FLAG: --audit-webhook-batch-max-size="400"
I1106 06:19:52.822139       1 log.go:245] FLAG: --audit-webhook-batch-max-wait="30s"
I1106 06:19:52.822144       1 log.go:245] FLAG: --audit-webhook-batch-throttle-burst="15"
I1106 06:19:52.822149       1 log.go:245] FLAG: --audit-webhook-batch-throttle-enable="true"
I1106 06:19:52.822155       1 log.go:245] FLAG: --audit-webhook-batch-throttle-qps="10"
I1106 06:19:52.822160       1 log.go:245] FLAG: --audit-webhook-config-file=""
I1106 06:19:52.822166       1 log.go:245] FLAG: --audit-webhook-initial-backoff="10s"
I1106 06:19:52.822172       1 log.go:245] FLAG: --audit-webhook-mode="batch"
I1106 06:19:52.822178       1 log.go:245] FLAG: --audit-webhook-truncate-enabled="false"
I1106 06:19:52.822185       1 log.go:245] FLAG: --audit-webhook-truncate-max-batch-size="10485760"
I1106 06:19:52.822191       1 log.go:245] FLAG: --audit-webhook-truncate-max-event-size="102400"
I1106 06:19:52.822202       1 log.go:245] FLAG: --audit-webhook-version="audit.k8s.io/v1"
I1106 06:19:52.822207       1 log.go:245] FLAG: --authentication-configmap-namespace="kube-system"
I1106 06:19:52.822212       1 log.go:245] FLAG: --authentication-kubeconfig=""
I1106 06:19:52.822218       1 log.go:245] FLAG: --authentication-skip-lookup="false"
I1106 06:19:52.822228       1 log.go:245] FLAG: --authentication-token-webhook-cache-ttl="***REDACTED***"
I1106 06:19:52.822234       1 log.go:245] FLAG: --authentication-tolerate-lookup-failure="false"
I1106 06:19:52.822243       1 log.go:245] FLAG: --authorization-always-allow-paths="[/healthz,/readyz,/livez]"
I1106 06:19:52.822250       1 log.go:245] FLAG: --authorization-kubeconfig=""
I1106 06:19:52.822261       1 log.go:245] FLAG: --authorization-webhook-cache-authorized-ttl="10s"
I1106 06:19:52.822267       1 log.go:245] FLAG: --authorization-webhook-cache-unauthorized-ttl="10s"
I1106 06:19:52.822274       1 log.go:245] FLAG: --baseURL="https://10.2.0.63/"
I1106 06:19:52.822281       1 log.go:245] FLAG: --bind-address="0.0.0.0"
I1106 06:19:52.822287       1 log.go:245] FLAG: --burst="1000000"
I1106 06:19:52.822293       1 log.go:245] FLAG: --cert-dir="apiserver.local.config/certificates"
I1106 06:19:52.822299       1 log.go:245] FLAG: --client-ca-file=""
I1106 06:19:52.822305       1 log.go:245] FLAG: --contention-profiling="false"
I1106 06:19:52.822310       1 log.go:245] FLAG: --debug-socket-path=""
I1106 06:19:52.822316       1 log.go:245] FLAG: --default-seccomp-profile-type="RuntimeDefault"
I1106 06:19:52.822321       1 log.go:245] FLAG: --disable-http2-serving="false"
I1106 06:19:52.822327       1 log.go:245] FLAG: --egress-selector-config-file=""
I1106 06:19:52.822340       1 log.go:245] FLAG: --enable-priority-and-fairness="false"
I1106 06:19:52.822345       1 log.go:245] FLAG: --feature-gates=""
I1106 06:19:52.822351       1 log.go:245] FLAG: --help="false"
I1106 06:19:52.822357       1 log.go:245] FLAG: --http2-max-streams-per-connection="1000"
I1106 06:19:52.822367       1 log.go:245] FLAG: --hubUID=""
I1106 06:19:52.822373       1 log.go:245] FLAG: --kubeconfig=""
I1106 06:19:52.822380       1 log.go:245] FLAG: --log-backtrace-at=":0"
I1106 06:19:52.822386       1 log.go:245] FLAG: --log-dir=""
I1106 06:19:52.822392       1 log.go:245] FLAG: --log-file=""
I1106 06:19:52.822398       1 log.go:245] FLAG: --log-file-max-size="1800"
I1106 06:19:52.822411       1 log.go:245] FLAG: --log-flush-frequency="5s"
I1106 06:19:52.822415       1 log.go:245] FLAG: --logtostderr="true"
I1106 06:19:52.822421       1 log.go:245] FLAG: --one-output="false"
I1106 06:19:52.822426       1 log.go:245] FLAG: --permit-address-sharing="false"
I1106 06:19:52.822432       1 log.go:245] FLAG: --permit-port-sharing="false"
I1106 06:19:52.822437       1 log.go:245] FLAG: --platform-ca-file="/var/platform-auth/ca.crt"
I1106 06:19:52.822442       1 log.go:245] FLAG: --profiling="true"
I1106 06:19:52.822448       1 log.go:245] FLAG: --qps="1e+06"
I1106 06:19:52.822460       1 log.go:245] FLAG: --rancher-auth-secret=""
I1106 06:19:52.822466       1 log.go:245] FLAG: --requestheader-allowed-names="[]"
I1106 06:19:52.822471       1 log.go:245] FLAG: --requestheader-client-ca-file=""
I1106 06:19:52.822480       1 log.go:245] FLAG: --requestheader-extra-headers-prefix="[x-remote-extra-]"
I1106 06:19:52.822488       1 log.go:245] FLAG: --requestheader-group-headers="[x-remote-group]"
I1106 06:19:52.822495       1 log.go:245] FLAG: --requestheader-uid-headers="[]"
I1106 06:19:52.822509       1 log.go:245] FLAG: --requestheader-username-headers="[x-remote-user]"
I1106 06:19:52.822514       1 log.go:245] FLAG: --secure-port="8443"
I1106 06:19:52.822520       1 log.go:245] FLAG: --skip-headers="false"
I1106 06:19:52.822532       1 log.go:245] FLAG: --skip-log-headers="false"
I1106 06:19:52.822537       1 log.go:245] FLAG: --stderrthreshold="2"
I1106 06:19:52.822543       1 log.go:245] FLAG: --tls-cert-file="/var/serving-cert/tls.crt"
I1106 06:19:52.822551       1 log.go:245] FLAG: --tls-cipher-suites="[]"
I1106 06:19:52.822557       1 log.go:245] FLAG: --tls-min-version=""
I1106 06:19:52.822573       1 log.go:245] FLAG: --tls-private-key-file="/var/serving-cert/tls.key"
I1106 06:19:52.822583       1 log.go:245] FLAG: --tls-sni-cert-key="[]"
I1106 06:19:52.822589       1 log.go:245] FLAG: --token="***REDACTED***"
I1106 06:19:52.822594       1 log.go:245] FLAG: --tracing-config-file=""
I1106 06:19:52.822600       1 log.go:245] FLAG: --use-kubeapiserver-fqdn-for-aks="true"
I1106 06:19:52.822610       1 log.go:245] FLAG: --v="3"
I1106 06:19:52.822615       1 log.go:245] FLAG: --vmodule=""
I1106 06:19:52.822629       1 monitoring.go:40] Starting binary version v0.4.2+5815936357548799d571b2ff5dd90734cac83314 ...
I1106 06:19:52.823209       1 dynamic_serving_content.go:116] "Loaded a new cert/key pair" name="serving-cert::/var/serving-cert/tls.crt::/var/serving-cert/tls.key"
I1106 06:19:52.974381       1 requestheader_controller.go:255] Loaded a new request header values for RequestHeaderAuthRequestController
I1106 06:19:52.976099       1 audit.go:293] No audit policy file provided, no events will be recorded for log backend
I1106 06:19:52.983962       1 maxinflight.go:139] "Initialized nonMutatingChan" len=400
I1106 06:19:52.983986       1 maxinflight.go:145] "Initialized mutatingChan" len=200
I1106 06:19:52.984019       1 timing_ratio_histogram.go:203] "TimingRatioHistogramVec.NewForLabelValuesSafe hit the inefficient case" fqName="apiserver_flowcontrol_read_vs_write_current_requests" labelValues=["executing","readOnly"]
I1106 06:19:52.984036       1 timing_ratio_histogram.go:203] "TimingRatioHistogramVec.NewForLabelValuesSafe hit the inefficient case" fqName="apiserver_flowcontrol_read_vs_write_current_requests" labelValues=["executing","mutating"]
I1106 06:19:52.984044       1 maxinflight.go:116] "Set denominator for readonly requests" limit=400
I1106 06:19:52.984052       1 maxinflight.go:120] "Set denominator for mutating requests" limit=200
I1106 06:19:52.984317       1 config.go:932] Not requested to run hook priority-and-fairness-config-consumer
I1106 06:19:52.992951       1 handler.go:286] Adding GroupVersion ui.openviz.dev v1alpha1 to ResourceManager
I1106 06:19:52.993016       1 start.go:153] "starting manager" logger="setup"
I1106 06:19:52.993040       1 server.go:208] "Starting metrics server" logger="controller-runtime.metrics"
I1106 06:19:52.993094       1 server.go:247] "Serving metrics server" logger="controller-runtime.metrics" bindAddress=":8080" secure=false
I1106 06:19:52.993185       1 reflector.go:313] Starting reflector *v1.ClusterRoleBinding (10h0m43.156047191s) from sigs.k8s.io/controller-runtime/pkg/cache/internal/informers.go:108
I1106 06:19:52.993192       1 reflector.go:349] Listing and watching *v1.ClusterRoleBinding from sigs.k8s.io/controller-runtime/pkg/cache/internal/informers.go:108
I1106 06:19:52.993186       1 reflector.go:313] Starting reflector *v1.ClusterRole (10h14m49.983835976s) from sigs.k8s.io/controller-runtime/pkg/cache/internal/informers.go:108
I1106 06:19:52.993214       1 reflector.go:349] Listing and watching *v1.ClusterRole from sigs.k8s.io/controller-runtime/pkg/cache/internal/informers.go:108
I1106 06:19:52.993220       1 reflector.go:313] Starting reflector *v1.RoleBinding (9h37m5.557870655s) from sigs.k8s.io/controller-runtime/pkg/cache/internal/informers.go:108
I1106 06:19:52.993228       1 reflector.go:349] Listing and watching *v1.RoleBinding from sigs.k8s.io/controller-runtime/pkg/cache/internal/informers.go:108
I1106 06:19:52.993239       1 reflector.go:313] Starting reflector *v1.Role (9h20m45.93699621s) from sigs.k8s.io/controller-runtime/pkg/cache/internal/informers.go:108
I1106 06:19:52.993250       1 reflector.go:349] Listing and watching *v1.Role from sigs.k8s.io/controller-runtime/pkg/cache/internal/informers.go:108
I1106 06:19:52.993332       1 reflector.go:313] Starting reflector *v1alpha1.AppBinding (10h22m35.075371457s) from sigs.k8s.io/controller-runtime/pkg/cache/internal/informers.go:108
I1106 06:19:52.993358       1 reflector.go:349] Listing and watching *v1alpha1.AppBinding from sigs.k8s.io/controller-runtime/pkg/cache/internal/informers.go:108
I1106 06:19:52.993363       1 reflector.go:313] Starting reflector *v1alpha1.GrafanaDashboard (10h43m46.337358036s) from sigs.k8s.io/controller-runtime/pkg/cache/internal/informers.go:108
I1106 06:19:52.993378       1 reflector.go:349] Listing and watching *v1alpha1.GrafanaDashboard from sigs.k8s.io/controller-runtime/pkg/cache/internal/informers.go:108
I1106 06:19:52.995774       1 reflector.go:376] Caches populated for *v1.Role from sigs.k8s.io/controller-runtime/pkg/cache/internal/informers.go:108
I1106 06:19:52.995905       1 reflector.go:376] Caches populated for *v1.RoleBinding from sigs.k8s.io/controller-runtime/pkg/cache/internal/informers.go:108
I1106 06:19:52.996338       1 reflector.go:376] Caches populated for *v1alpha1.AppBinding from sigs.k8s.io/controller-runtime/pkg/cache/internal/informers.go:108
I1106 06:19:52.996649       1 reflector.go:376] Caches populated for *v1.ClusterRoleBinding from sigs.k8s.io/controller-runtime/pkg/cache/internal/informers.go:108
I1106 06:19:52.997426       1 reflector.go:376] Caches populated for *v1.ClusterRole from sigs.k8s.io/controller-runtime/pkg/cache/internal/informers.go:108
I1106 06:19:53.025622       1 reflector.go:376] Caches populated for *v1alpha1.GrafanaDashboard from sigs.k8s.io/controller-runtime/pkg/cache/internal/informers.go:108
I1106 06:19:53.093951       1 controller.go:204] "Starting EventSource" controller="customresourcedefinition" controllerGroup="apiextensions.k8s.io" controllerKind="CustomResourceDefinition" source="kind source: *v1.CustomResourceDefinition"
I1106 06:19:53.094441       1 reflector.go:313] Starting reflector *v1.CustomResourceDefinition (9h18m16.136241988s) from sigs.k8s.io/controller-runtime/pkg/cache/internal/informers.go:108
I1106 06:19:53.094467       1 reflector.go:349] Listing and watching *v1.CustomResourceDefinition from sigs.k8s.io/controller-runtime/pkg/cache/internal/informers.go:108
I1106 06:19:53.099073       1 genericapiserver.go:535] MuxAndDiscoveryComplete has all endpoints registered and discovery information is complete
I1106 06:19:53.101509       1 requestheader_controller.go:180] Starting RequestHeaderAuthRequestController
I1106 06:19:53.101513       1 configmap_cafile_content.go:205] "Starting controller" name="client-ca::kube-system::extension-apiserver-authentication::client-ca-file"
I1106 06:19:53.101540       1 configmap_cafile_content.go:205] "Starting controller" name="client-ca::kube-system::extension-apiserver-authentication::requestheader-client-ca-file"
I1106 06:19:53.101554       1 shared_informer.go:313] Waiting for caches to sync for client-ca::kube-system::extension-apiserver-authentication::client-ca-file
I1106 06:19:53.101561       1 shared_informer.go:313] Waiting for caches to sync for client-ca::kube-system::extension-apiserver-authentication::requestheader-client-ca-file
I1106 06:19:53.101532       1 shared_informer.go:313] Waiting for caches to sync for RequestHeaderAuthRequestController
I1106 06:19:53.101718       1 tlsconfig.go:203] "Loaded serving cert" certName="serving-cert::/var/serving-cert/tls.crt::/var/serving-cert/tls.key" certDetail="\"monitoring-operator\" [serving,client] validServingFor=[monitoring-operator.monitoring,monitoring-operator.monitoring.svc] issuer=\"ca\" (2025-10-29 10:07:08 +0000 UTC to 2035-10-27 10:07:08 +0000 UTC (now=2025-11-06 06:19:53.101687498 +0000 UTC))"
I1106 06:19:53.101725       1 reflector.go:313] Starting reflector *v1.ConfigMap (12h0m0s) from k8s.io/apiserver/pkg/authentication/request/headerrequest/requestheader_controller.go:183
I1106 06:19:53.101737       1 reflector.go:349] Listing and watching *v1.ConfigMap from k8s.io/apiserver/pkg/authentication/request/headerrequest/requestheader_controller.go:183
I1106 06:19:53.101760       1 reflector.go:313] Starting reflector *v1.ConfigMap (12h0m0s) from k8s.io/apiserver/pkg/server/dynamiccertificates/configmap_cafile_content.go:209
I1106 06:19:53.101769       1 reflector.go:349] Listing and watching *v1.ConfigMap from k8s.io/apiserver/pkg/server/dynamiccertificates/configmap_cafile_content.go:209
I1106 06:19:53.101774       1 reflector.go:313] Starting reflector *v1.ConfigMap (12h0m0s) from k8s.io/apiserver/pkg/server/dynamiccertificates/configmap_cafile_content.go:209
I1106 06:19:53.101782       1 reflector.go:349] Listing and watching *v1.ConfigMap from k8s.io/apiserver/pkg/server/dynamiccertificates/configmap_cafile_content.go:209
I1106 06:19:53.101811       1 named_certificates.go:53] "Loaded SNI cert" index=0 certName="self-signed loopback" certDetail="\"apiserver-loopback-client@1762409992\" [serving] validServingFor=[apiserver-loopback-client] issuer=\"apiserver-loopback-client-ca@1762409992\" (2025-11-06 05:19:52 +0000 UTC to 2026-11-06 05:19:52 +0000 UTC (now=2025-11-06 06:19:53.101802288 +0000 UTC))"
I1106 06:19:53.101824       1 secure_serving.go:213] Serving securely on [::]:8443
I1106 06:19:53.101824       1 dynamic_serving_content.go:135] "Starting controller" name="serving-cert::/var/serving-cert/tls.crt::/var/serving-cert/tls.key"
I1106 06:19:53.101836       1 genericapiserver.go:685] [graceful-termination] waiting for shutdown to be initiated
I1106 06:19:53.101844       1 tlsconfig.go:243] "Starting DynamicServingCertificateController"
I1106 06:19:53.102967       1 reflector.go:376] Caches populated for *v1.ConfigMap from k8s.io/apiserver/pkg/authentication/request/headerrequest/requestheader_controller.go:183
I1106 06:19:53.102968       1 reflector.go:376] Caches populated for *v1.ConfigMap from k8s.io/apiserver/pkg/server/dynamiccertificates/configmap_cafile_content.go:209
I1106 06:19:53.103017       1 reflector.go:376] Caches populated for *v1.ConfigMap from k8s.io/apiserver/pkg/server/dynamiccertificates/configmap_cafile_content.go:209
I1106 06:19:53.201871       1 shared_informer.go:320] Caches are synced for client-ca::kube-system::extension-apiserver-authentication::requestheader-client-ca-file
I1106 06:19:53.201902       1 shared_informer.go:320] Caches are synced for RequestHeaderAuthRequestController
I1106 06:19:53.201937       1 shared_informer.go:320] Caches are synced for client-ca::kube-system::extension-apiserver-authentication::client-ca-file
I1106 06:19:53.202043       1 tlsconfig.go:181] "Loaded client CA" index=0 certName="client-ca::kube-system::extension-apiserver-authentication::client-ca-file,client-ca::kube-system::extension-apiserver-authentication::requestheader-client-ca-file" certDetail="\"k3s-request-header-ca@1761728433\" [] issuer=\"<self>\" (2025-10-29 09:00:33 +0000 UTC to 2035-10-27 09:00:33 +0000 UTC (now=2025-11-06 06:19:53.202021726 +0000 UTC))"
I1106 06:19:53.202201       1 tlsconfig.go:203] "Loaded serving cert" certName="serving-cert::/var/serving-cert/tls.crt::/var/serving-cert/tls.key" certDetail="\"monitoring-operator\" [serving,client] validServingFor=[monitoring-operator.monitoring,monitoring-operator.monitoring.svc] issuer=\"ca\" (2025-10-29 10:07:08 +0000 UTC to 2035-10-27 10:07:08 +0000 UTC (now=2025-11-06 06:19:53.202190918 +0000 UTC))"
I1106 06:19:53.202324       1 named_certificates.go:53] "Loaded SNI cert" index=0 certName="self-signed loopback" certDetail="\"apiserver-loopback-client@1762409992\" [serving] validServingFor=[apiserver-loopback-client] issuer=\"apiserver-loopback-client-ca@1762409992\" (2025-11-06 05:19:52 +0000 UTC to 2026-11-06 05:19:52 +0000 UTC (now=2025-11-06 06:19:53.202315239 +0000 UTC))"
I1106 06:19:53.202360       1 tlsconfig.go:181] "Loaded client CA" index=0 certName="client-ca::kube-system::extension-apiserver-authentication::client-ca-file,client-ca::kube-system::extension-apiserver-authentication::requestheader-client-ca-file" certDetail="\"k3s-client-ca@1761728433\" [] issuer=\"<self>\" (2025-10-29 09:00:33 +0000 UTC to 2035-10-27 09:00:33 +0000 UTC (now=2025-11-06 06:19:53.202353108 +0000 UTC))"
I1106 06:19:53.202374       1 tlsconfig.go:181] "Loaded client CA" index=1 certName="client-ca::kube-system::extension-apiserver-authentication::client-ca-file,client-ca::kube-system::extension-apiserver-authentication::requestheader-client-ca-file" certDetail="\"k3s-request-header-ca@1761728433\" [] issuer=\"<self>\" (2025-10-29 09:00:33 +0000 UTC to 2035-10-27 09:00:33 +0000 UTC (now=2025-11-06 06:19:53.202367079 +0000 UTC))"
I1106 06:19:53.202487       1 tlsconfig.go:203] "Loaded serving cert" certName="serving-cert::/var/serving-cert/tls.crt::/var/serving-cert/tls.key" certDetail="\"monitoring-operator\" [serving,client] validServingFor=[monitoring-operator.monitoring,monitoring-operator.monitoring.svc] issuer=\"ca\" (2025-10-29 10:07:08 +0000 UTC to 2035-10-27 10:07:08 +0000 UTC (now=2025-11-06 06:19:53.202479669 +0000 UTC))"
I1106 06:19:53.202596       1 named_certificates.go:53] "Loaded SNI cert" index=0 certName="self-signed loopback" certDetail="\"apiserver-loopback-client@1762409992\" [serving] validServingFor=[apiserver-loopback-client] issuer=\"apiserver-loopback-client-ca@1762409992\" (2025-11-06 05:19:52 +0000 UTC to 2026-11-06 05:19:52 +0000 UTC (now=2025-11-06 06:19:53.202589451 +0000 UTC))"
I1106 06:19:53.393429       1 httplog.go:134] "HTTP" verb="GET" URI="/apis" latency="296.572µs" userAgent="" audit-ID="17a3d663-3f55-419f-8b08-5f958d96beb4" srcIP="10.42.0.1:46210" resp=304
I1106 06:19:53.529732       1 reflector.go:376] Caches populated for *v1.CustomResourceDefinition from sigs.k8s.io/controller-runtime/pkg/cache/internal/informers.go:108
I1106 06:19:53.595022       1 controller.go:239] "Starting Controller" controller="customresourcedefinition" controllerGroup="apiextensions.k8s.io" controllerKind="CustomResourceDefinition"
I1106 06:19:53.595082       1 controller.go:248] "Starting workers" controller="customresourcedefinition" controllerGroup="apiextensions.k8s.io" controllerKind="CustomResourceDefinition" worker count=1
I1106 06:19:53.688007       1 controller.go:239] "Starting Controller" controller="servicemonitor-federation" controllerGroup="monitoring.coreos.com" controllerKind="ServiceMonitor"
I1106 06:19:53.688033       1 controller.go:248] "Starting workers" controller="servicemonitor-federation" controllerGroup="monitoring.coreos.com" controllerKind="ServiceMonitor" worker count=1
I1106 06:19:53.688043       1 controller.go:135] "Starting EventSource" controller="servicemonitor-federation" controllerGroup="monitoring.coreos.com" controllerKind="ServiceMonitor" source="kind source: *v1.ServiceMonitor"
I1106 06:19:53.688051       1 controller.go:135] "Starting EventSource" controller="servicemonitor-federation" controllerGroup="monitoring.coreos.com" controllerKind="ServiceMonitor" source="kind source: *v1.Service"
I1106 06:19:53.688051       1 controller.go:204] "Starting EventSource" controller="servicemonitor-auto" controllerGroup="monitoring.coreos.com" controllerKind="ServiceMonitor" source="kind source: *v1.Prometheus"
I1106 06:19:53.688055       1 controller.go:135] "Starting EventSource" controller="servicemonitor-federation" controllerGroup="monitoring.coreos.com" controllerKind="ServiceMonitor" source="kind source: *v1.Prometheus"
I1106 06:19:53.688071       1 controller.go:204] "Starting EventSource" controller="servicemonitor-auto" controllerGroup="monitoring.coreos.com" controllerKind="ServiceMonitor" source="kind source: *v1.ServiceMonitor"
E1106 06:19:53.691401       1 kind.go:71] "if kind is a CRD, it should be installed before calling Start" err="no matches for kind \"Prometheus\" in version \"monitoring.coreos.com/v1\"" logger="controller-runtime.source.EventHandler" kind="Prometheus.monitoring.coreos.com"
I1106 06:19:53.692502       1 reflector.go:313] Starting reflector *v1.Service (10h7m59.835970921s) from sigs.k8s.io/controller-runtime/pkg/cache/internal/informers.go:108
I1106 06:19:53.692509       1 reflector.go:349] Listing and watching *v1.Service from sigs.k8s.io/controller-runtime/pkg/cache/internal/informers.go:108
I1106 06:19:53.695367       1 reflector.go:376] Caches populated for *v1.Service from sigs.k8s.io/controller-runtime/pkg/cache/internal/informers.go:108
E1106 06:19:53.695623       1 kind.go:71] "if kind is a CRD, it should be installed before calling Start" err="no matches for kind \"Prometheus\" in version \"monitoring.coreos.com/v1\"" logger="controller-runtime.source.EventHandler" kind="Prometheus.monitoring.coreos.com"
I1106 06:19:53.695753       1 reflector.go:313] Starting reflector *v1.ServiceMonitor (9h5m40.720013722s) from sigs.k8s.io/controller-runtime/pkg/cache/internal/informers.go:108
I1106 06:19:53.695762       1 reflector.go:349] Listing and watching *v1.ServiceMonitor from sigs.k8s.io/controller-runtime/pkg/cache/internal/informers.go:108
I1106 06:19:53.696844       1 reflector.go:376] Caches populated for *v1.ServiceMonitor from sigs.k8s.io/controller-runtime/pkg/cache/internal/informers.go:108
E1106 06:19:53.795117       1 federation_controller.go:98] "unable to list Prometheus" err="no matches for kind \"Prometheus\" in version \"monitoring.coreos.com/v1\"" controller="servicemonitor-federation" controllerGroup="monitoring.coreos.com" controllerKind="ServiceMonitor" ServiceMonitor="kubeops/kube-ui-server" namespace="kubeops" name="kube-ui-server" reconcileID="fa0d397e-5935-4ac9-bd5e-6198fe705166"
E1106 06:19:53.795159       1 controller.go:347] "Reconciler error" err="no matches for kind \"Prometheus\" in version \"monitoring.coreos.com/v1\"" controller="servicemonitor-federation" controllerGroup="monitoring.coreos.com" controllerKind="ServiceMonitor" ServiceMonitor="kubeops/kube-ui-server" namespace="kubeops" name="kube-ui-server" reconcileID="fa0d397e-5935-4ac9-bd5e-6198fe705166"
E1106 06:19:53.797515       1 federation_controller.go:98] "unable to list Prometheus" err="no matches for kind \"Prometheus\" in version \"monitoring.coreos.com/v1\"" controller="servicemonitor-federation" controllerGroup="monitoring.coreos.com" controllerKind="ServiceMonitor" ServiceMonitor="monitoring/panopticon" namespace="monitoring" name="panopticon" reconcileID="ef4855f9-56e0-44f2-94c3-c39886ef12cd"
E1106 06:19:53.797551       1 controller.go:347] "Reconciler error" err="no matches for kind \"Prometheus\" in version \"monitoring.coreos.com/v1\"" controller="servicemonitor-federation" controllerGroup="monitoring.coreos.com" controllerKind="ServiceMonitor" ServiceMonitor="monitoring/panopticon" namespace="monitoring" name="panopticon" reconcileID="ef4855f9-56e0-44f2-94c3-c39886ef12cd"
E1106 06:19:53.799320       1 federation_controller.go:98] "unable to list Prometheus" err="no matches for kind \"Prometheus\" in version \"monitoring.coreos.com/v1\"" controller="servicemonitor-federation" controllerGroup="monitoring.coreos.com" controllerKind="ServiceMonitor" ServiceMonitor="kubeops/kube-ui-server" namespace="kubeops" name="kube-ui-server" reconcileID="89648480-e91a-403c-89a9-d95785a4fee9"
E1106 06:19:53.799349       1 controller.go:347] "Reconciler error" err="no matches for kind \"Prometheus\" in version \"monitoring.coreos.com/v1\"" controller="servicemonitor-federation" controllerGroup="monitoring.coreos.com" controllerKind="ServiceMonitor" ServiceMonitor="kubeops/kube-ui-server" namespace="kubeops" name="kube-ui-server" reconcileID="89648480-e91a-403c-89a9-d95785a4fee9"
E1106 06:19:53.801097       1 federation_controller.go:98] "unable to list Prometheus" err="no matches for kind \"Prometheus\" in version \"monitoring.coreos.com/v1\"" controller="servicemonitor-federation" controllerGroup="monitoring.coreos.com" controllerKind="ServiceMonitor" ServiceMonitor="monitoring/panopticon" namespace="monitoring" name="panopticon" reconcileID="8cfc8c9d-21c5-40bc-b28c-fce94c885010"
E1106 06:19:53.801114       1 controller.go:347] "Reconciler error" err="no matches for kind \"Prometheus\" in version \"monitoring.coreos.com/v1\"" controller="servicemonitor-federation" controllerGroup="monitoring.coreos.com" controllerKind="ServiceMonitor" ServiceMonitor="monitoring/panopticon" namespace="monitoring" name="panopticon" reconcileID="8cfc8c9d-21c5-40bc-b28c-fce94c885010"
E1106 06:19:53.802905       1 federation_controller.go:98] "unable to list Prometheus" err="no matches for kind \"Prometheus\" in version \"monitoring.coreos.com/v1\"" controller="servicemonitor-federation" controllerGroup="monitoring.coreos.com" controllerKind="ServiceMonitor" ServiceMonitor="kubeops/kube-ui-server" namespace="kubeops" name="kube-ui-server" reconcileID="dc141360-8214-43f7-966a-b9d02afa7ecd"
E1106 06:19:53.802933       1 controller.go:347] "Reconciler error" err="no matches for kind \"Prometheus\" in version \"monitoring.coreos.com/v1\"" controller="servicemonitor-federation" controllerGroup="monitoring.coreos.com" controllerKind="ServiceMonitor" ServiceMonitor="kubeops/kube-ui-server" namespace="kubeops" name="kube-ui-server" reconcileID="dc141360-8214-43f7-966a-b9d02afa7ecd"
E1106 06:19:53.804399       1 federation_controller.go:98] "unable to list Prometheus" err="no matches for kind \"Prometheus\" in version \"monitoring.coreos.com/v1\"" controller="servicemonitor-federation" controllerGroup="monitoring.coreos.com" controllerKind="ServiceMonitor" ServiceMonitor="monitoring/panopticon" namespace="monitoring" name="panopticon" reconcileID="ba7e3b8e-af00-40b9-9644-54b2c857c294"
E1106 06:19:53.804418       1 controller.go:347] "Reconciler error" err="no matches for kind \"Prometheus\" in version \"monitoring.coreos.com/v1\"" controller="servicemonitor-federation" controllerGroup="monitoring.coreos.com" controllerKind="ServiceMonitor" ServiceMonitor="monitoring/panopticon" namespace="monitoring" name="panopticon" reconcileID="ba7e3b8e-af00-40b9-9644-54b2c857c294"
E1106 06:19:53.825505       1 federation_controller.go:98] "unable to list Prometheus" err="no matches for kind \"Prometheus\" in version \"monitoring.coreos.com/v1\"" controller="servicemonitor-federation" controllerGroup="monitoring.coreos.com" controllerKind="ServiceMonitor" ServiceMonitor="kubeops/kube-ui-server" namespace="kubeops" name="kube-ui-server" reconcileID="d788600a-7bec-4fa8-b77b-f078e22eedc2"
E1106 06:19:53.825540       1 controller.go:347] "Reconciler error" err="no matches for kind \"Prometheus\" in version \"monitoring.coreos.com/v1\"" controller="servicemonitor-federation" controllerGroup="monitoring.coreos.com" controllerKind="ServiceMonitor" ServiceMonitor="kubeops/kube-ui-server" namespace="kubeops" name="kube-ui-server" reconcileID="d788600a-7bec-4fa8-b77b-f078e22eedc2"
E1106 06:19:53.827422       1 federation_controller.go:98] "unable to list Prometheus" err="no matches for kind \"Prometheus\" in version \"monitoring.coreos.com/v1\"" controller="servicemonitor-federation" controllerGroup="monitoring.coreos.com" controllerKind="ServiceMonitor" ServiceMonitor="monitoring/panopticon" namespace="monitoring" name="panopticon" reconcileID="1f4c440d-0e0d-40de-a352-901829e10ffd"
E1106 06:19:53.827461       1 controller.go:347] "Reconciler error" err="no matches for kind \"Prometheus\" in version \"monitoring.coreos.com/v1\"" controller="servicemonitor-federation" controllerGroup="monitoring.coreos.com" controllerKind="ServiceMonitor" ServiceMonitor="monitoring/panopticon" namespace="monitoring" name="panopticon" reconcileID="1f4c440d-0e0d-40de-a352-901829e10ffd"
E1106 06:19:53.868077       1 federation_controller.go:98] "unable to list Prometheus" err="no matches for kind \"Prometheus\" in version \"monitoring.coreos.com/v1\"" controller="servicemonitor-federation" controllerGroup="monitoring.coreos.com" controllerKind="ServiceMonitor" ServiceMonitor="kubeops/kube-ui-server" namespace="kubeops" name="kube-ui-server" reconcileID="066deb7b-ed26-448d-b22c-955916e44894"
E1106 06:19:53.868146       1 controller.go:347] "Reconciler error" err="no matches for kind \"Prometheus\" in version \"monitoring.coreos.com/v1\"" controller="servicemonitor-federation" controllerGroup="monitoring.coreos.com" controllerKind="ServiceMonitor" ServiceMonitor="kubeops/kube-ui-server" namespace="kubeops" name="kube-ui-server" reconcileID="066deb7b-ed26-448d-b22c-955916e44894"
E1106 06:19:53.869735       1 federation_controller.go:98] "unable to list Prometheus" err="no matches for kind \"Prometheus\" in version \"monitoring.coreos.com/v1\"" controller="servicemonitor-federation" controllerGroup="monitoring.coreos.com" controllerKind="ServiceMonitor" ServiceMonitor="monitoring/panopticon" namespace="monitoring" name="panopticon" reconcileID="14c2d4dd-87b3-4d87-a6f9-0bac64fb20b5"
E1106 06:19:53.869766       1 controller.go:347] "Reconciler error" err="no matches for kind \"Prometheus\" in version \"monitoring.coreos.com/v1\"" controller="servicemonitor-federation" controllerGroup="monitoring.coreos.com" controllerKind="ServiceMonitor" ServiceMonitor="monitoring/panopticon" namespace="monitoring" name="panopticon" reconcileID="14c2d4dd-87b3-4d87-a6f9-0bac64fb20b5"
E1106 06:19:53.950802       1 federation_controller.go:98] "unable to list Prometheus" err="no matches for kind \"Prometheus\" in version \"monitoring.coreos.com/v1\"" controller="servicemonitor-federation" controllerGroup="monitoring.coreos.com" controllerKind="ServiceMonitor" ServiceMonitor="kubeops/kube-ui-server" namespace="kubeops" name="kube-ui-server" reconcileID="9899fbb4-0112-4447-afee-22d32c6ecfb9"
E1106 06:19:53.950848       1 controller.go:347] "Reconciler error" err="no matches for kind \"Prometheus\" in version \"monitoring.coreos.com/v1\"" controller="servicemonitor-federation" controllerGroup="monitoring.coreos.com" controllerKind="ServiceMonitor" ServiceMonitor="kubeops/kube-ui-server" namespace="kubeops" name="kube-ui-server" reconcileID="9899fbb4-0112-4447-afee-22d32c6ecfb9"
E1106 06:19:53.952663       1 federation_controller.go:98] "unable to list Prometheus" err="no matches for kind \"Prometheus\" in version \"monitoring.coreos.com/v1\"" controller="servicemonitor-federation" controllerGroup="monitoring.coreos.com" controllerKind="ServiceMonitor" ServiceMonitor="monitoring/panopticon" namespace="monitoring" name="panopticon" reconcileID="747e8986-5d57-4be6-a644-8aef36fb3eae"
E1106 06:19:53.952699       1 controller.go:347] "Reconciler error" err="no matches for kind \"Prometheus\" in version \"monitoring.coreos.com/v1\"" controller="servicemonitor-federation" controllerGroup="monitoring.coreos.com" controllerKind="ServiceMonitor" ServiceMonitor="monitoring/panopticon" namespace="monitoring" name="panopticon" reconcileID="747e8986-5d57-4be6-a644-8aef36fb3eae"
E1106 06:19:54.113655       1 federation_controller.go:98] "unable to list Prometheus" err="no matches for kind \"Prometheus\" in version \"monitoring.coreos.com/v1\"" controller="servicemonitor-federation" controllerGroup="monitoring.coreos.com" controllerKind="ServiceMonitor" ServiceMonitor="kubeops/kube-ui-server" namespace="kubeops" name="kube-ui-server" reconcileID="1e356dc8-8550-4093-b205-9f8d03973c67"
E1106 06:19:54.113700       1 controller.go:347] "Reconciler error" err="no matches for kind \"Prometheus\" in version \"monitoring.coreos.com/v1\"" controller="servicemonitor-federation" controllerGroup="monitoring.coreos.com" controllerKind="ServiceMonitor" ServiceMonitor="kubeops/kube-ui-server" namespace="kubeops" name="kube-ui-server" reconcileID="1e356dc8-8550-4093-b205-9f8d03973c67"
E1106 06:19:54.115363       1 federation_controller.go:98] "unable to list Prometheus" err="no matches for kind \"Prometheus\" in version \"monitoring.coreos.com/v1\"" controller="servicemonitor-federation" controllerGroup="monitoring.coreos.com" controllerKind="ServiceMonitor" ServiceMonitor="monitoring/panopticon" namespace="monitoring" name="panopticon" reconcileID="d0ee36ed-36d8-4819-85de-ed6e81084c17"
E1106 06:19:54.115395       1 controller.go:347] "Reconciler error" err="no matches for kind \"Prometheus\" in version \"monitoring.coreos.com/v1\"" controller="servicemonitor-federation" controllerGroup="monitoring.coreos.com" controllerKind="ServiceMonitor" ServiceMonitor="monitoring/panopticon" namespace="monitoring" name="panopticon" reconcileID="d0ee36ed-36d8-4819-85de-ed6e81084c17"
E1106 06:19:54.436689       1 federation_controller.go:98] "unable to list Prometheus" err="no matches for kind \"Prometheus\" in version \"monitoring.coreos.com/v1\"" controller="servicemonitor-federation" controllerGroup="monitoring.coreos.com" controllerKind="ServiceMonitor" ServiceMonitor="kubeops/kube-ui-server" namespace="kubeops" name="kube-ui-server" reconcileID="dffe5509-5086-4b69-bd6d-da964d030f22"
E1106 06:19:54.436735       1 controller.go:347] "Reconciler error" err="no matches for kind \"Prometheus\" in version \"monitoring.coreos.com/v1\"" controller="servicemonitor-federation" controllerGroup="monitoring.coreos.com" controllerKind="ServiceMonitor" ServiceMonitor="kubeops/kube-ui-server" namespace="kubeops" name="kube-ui-server" reconcileID="dffe5509-5086-4b69-bd6d-da964d030f22"
E1106 06:19:54.438710       1 federation_controller.go:98] "unable to list Prometheus" err="no matches for kind \"Prometheus\" in version \"monitoring.coreos.com/v1\"" controller="servicemonitor-federation" controllerGroup="monitoring.coreos.com" controllerKind="ServiceMonitor" ServiceMonitor="monitoring/panopticon" namespace="monitoring" name="panopticon" reconcileID="d341531c-409e-42c7-870f-741fa842b6dd"
E1106 06:19:54.438760       1 controller.go:347] "Reconciler error" err="no matches for kind \"Prometheus\" in version \"monitoring.coreos.com/v1\"" controller="servicemonitor-federation" controllerGroup="monitoring.coreos.com" controllerKind="ServiceMonitor" ServiceMonitor="monitoring/panopticon" namespace="monitoring" name="panopticon" reconcileID="d341531c-409e-42c7-870f-741fa842b6dd"
E1106 06:19:55.079771       1 federation_controller.go:98] "unable to list Prometheus" err="no matches for kind \"Prometheus\" in version \"monitoring.coreos.com/v1\"" controller="servicemonitor-federation" controllerGroup="monitoring.coreos.com" controllerKind="ServiceMonitor" ServiceMonitor="kubeops/kube-ui-server" namespace="kubeops" name="kube-ui-server" reconcileID="31be0e09-bbc3-4a7f-8a08-fbdefa6802a1"
E1106 06:19:55.079824       1 controller.go:347] "Reconciler error" err="no matches for kind \"Prometheus\" in version \"monitoring.coreos.com/v1\"" controller="servicemonitor-federation" controllerGroup="monitoring.coreos.com" controllerKind="ServiceMonitor" ServiceMonitor="kubeops/kube-ui-server" namespace="kubeops" name="kube-ui-server" reconcileID="31be0e09-bbc3-4a7f-8a08-fbdefa6802a1"
E1106 06:19:55.081863       1 federation_controller.go:98] "unable to list Prometheus" err="no matches for kind \"Prometheus\" in version \"monitoring.coreos.com/v1\"" controller="servicemonitor-federation" controllerGroup="monitoring.coreos.com" controllerKind="ServiceMonitor" ServiceMonitor="monitoring/panopticon" namespace="monitoring" name="panopticon" reconcileID="afdb2acf-d7ab-4208-be29-c707d1680b87"
E1106 06:19:55.081897       1 controller.go:347] "Reconciler error" err="no matches for kind \"Prometheus\" in version \"monitoring.coreos.com/v1\"" controller="servicemonitor-federation" controllerGroup="monitoring.coreos.com" controllerKind="ServiceMonitor" ServiceMonitor="monitoring/panopticon" namespace="monitoring" name="panopticon" reconcileID="afdb2acf-d7ab-4208-be29-c707d1680b87"
E1106 06:19:56.362134       1 federation_controller.go:98] "unable to list Prometheus" err="no matches for kind \"Prometheus\" in version \"monitoring.coreos.com/v1\"" controller="servicemonitor-federation" controllerGroup="monitoring.coreos.com" controllerKind="ServiceMonitor" ServiceMonitor="kubeops/kube-ui-server" namespace="kubeops" name="kube-ui-server" reconcileID="f2317bf9-cafd-483a-ba20-8270e2409fdb"
E1106 06:19:56.362178       1 controller.go:347] "Reconciler error" err="no matches for kind \"Prometheus\" in version \"monitoring.coreos.com/v1\"" controller="servicemonitor-federation" controllerGroup="monitoring.coreos.com" controllerKind="ServiceMonitor" ServiceMonitor="kubeops/kube-ui-server" namespace="kubeops" name="kube-ui-server" reconcileID="f2317bf9-cafd-483a-ba20-8270e2409fdb"
E1106 06:19:56.363859       1 federation_controller.go:98] "unable to list Prometheus" err="no matches for kind \"Prometheus\" in version \"monitoring.coreos.com/v1\"" controller="servicemonitor-federation" controllerGroup="monitoring.coreos.com" controllerKind="ServiceMonitor" ServiceMonitor="monitoring/panopticon" namespace="monitoring" name="panopticon" reconcileID="e29585f4-86cc-4448-b5f5-56e879bf308a"
E1106 06:19:56.363891       1 controller.go:347] "Reconciler error" err="no matches for kind \"Prometheus\" in version \"monitoring.coreos.com/v1\"" controller="servicemonitor-federation" controllerGroup="monitoring.coreos.com" controllerKind="ServiceMonitor" ServiceMonitor="monitoring/panopticon" namespace="monitoring" name="panopticon" reconcileID="e29585f4-86cc-4448-b5f5-56e879bf308a"
E1106 06:19:58.925025       1 federation_controller.go:98] "unable to list Prometheus" err="no matches for kind \"Prometheus\" in version \"monitoring.coreos.com/v1\"" controller="servicemonitor-federation" controllerGroup="monitoring.coreos.com" controllerKind="ServiceMonitor" ServiceMonitor="kubeops/kube-ui-server" namespace="kubeops" name="kube-ui-server" reconcileID="c2d6884f-8c2b-407a-9b02-e9f8bd4d7fd8"
E1106 06:19:58.925082       1 controller.go:347] "Reconciler error" err="no matches for kind \"Prometheus\" in version \"monitoring.coreos.com/v1\"" controller="servicemonitor-federation" controllerGroup="monitoring.coreos.com" controllerKind="ServiceMonitor" ServiceMonitor="kubeops/kube-ui-server" namespace="kubeops" name="kube-ui-server" reconcileID="c2d6884f-8c2b-407a-9b02-e9f8bd4d7fd8"
E1106 06:19:58.926896       1 federation_controller.go:98] "unable to list Prometheus" err="no matches for kind \"Prometheus\" in version \"monitoring.coreos.com/v1\"" controller="servicemonitor-federation" controllerGroup="monitoring.coreos.com" controllerKind="ServiceMonitor" ServiceMonitor="monitoring/panopticon" namespace="monitoring" name="panopticon" reconcileID="51b916c7-b62a-4316-b31d-ea1a95bf1d84"
E1106 06:19:58.926937       1 controller.go:347] "Reconciler error" err="no matches for kind \"Prometheus\" in version \"monitoring.coreos.com/v1\"" controller="servicemonitor-federation" controllerGroup="monitoring.coreos.com" controllerKind="ServiceMonitor" ServiceMonitor="monitoring/panopticon" namespace="monitoring" name="panopticon" reconcileID="51b916c7-b62a-4316-b31d-ea1a95bf1d84"
E1106 06:20:03.691604       1 kind.go:71] "if kind is a CRD, it should be installed before calling Start" err="no matches for kind \"Prometheus\" in version \"monitoring.coreos.com/v1\"" logger="controller-runtime.source.EventHandler" kind="Prometheus.monitoring.coreos.com"
E1106 06:20:03.693648       1 kind.go:71] "if kind is a CRD, it should be installed before calling Start" err="no matches for kind \"Prometheus\" in version \"monitoring.coreos.com/v1\"" logger="controller-runtime.source.EventHandler" kind="Prometheus.monitoring.coreos.com"
E1106 06:20:04.047533       1 federation_controller.go:98] "unable to list Prometheus" err="no matches for kind \"Prometheus\" in version \"monitoring.coreos.com/v1\"" controller="servicemonitor-federation" controllerGroup="monitoring.coreos.com" controllerKind="ServiceMonitor" ServiceMonitor="kubeops/kube-ui-server" namespace="kubeops" name="kube-ui-server" reconcileID="94939d92-a489-4db7-bcac-831a41a48f87"
E1106 06:20:04.047586       1 controller.go:347] "Reconciler error" err="no matches for kind \"Prometheus\" in version \"monitoring.coreos.com/v1\"" controller="servicemonitor-federation" controllerGroup="monitoring.coreos.com" controllerKind="ServiceMonitor" ServiceMonitor="kubeops/kube-ui-server" namespace="kubeops" name="kube-ui-server" reconcileID="94939d92-a489-4db7-bcac-831a41a48f87"
E1106 06:20:04.049482       1 federation_controller.go:98] "unable to list Prometheus" err="no matches for kind \"Prometheus\" in version \"monitoring.coreos.com/v1\"" controller="servicemonitor-federation" controllerGroup="monitoring.coreos.com" controllerKind="ServiceMonitor" ServiceMonitor="monitoring/panopticon" namespace="monitoring" name="panopticon" reconcileID="1097b001-71e2-4c1e-a2b9-3ec65ed981f3"
E1106 06:20:04.049524       1 controller.go:347] "Reconciler error" err="no matches for kind \"Prometheus\" in version \"monitoring.coreos.com/v1\"" controller="servicemonitor-federation" controllerGroup="monitoring.coreos.com" controllerKind="ServiceMonitor" ServiceMonitor="monitoring/panopticon" namespace="monitoring" name="panopticon" reconcileID="1097b001-71e2-4c1e-a2b9-3ec65ed981f3"
I1106 06:20:11.399179       1 httplog.go:134] "HTTP" verb="GET" URI="/apis" latency="468.333µs" userAgent="" audit-ID="8f9afff2-dad2-4597-a7f3-eefeb4e0fc0b" srcIP="10.42.0.1:46210" resp=304
E1106 06:20:13.690343       1 kind.go:71] "if kind is a CRD, it should be installed before calling Start" err="no matches for kind \"Prometheus\" in version \"monitoring.coreos.com/v1\"" logger="controller-runtime.source.EventHandler" kind="Prometheus.monitoring.coreos.com"
E1106 06:20:13.691611       1 kind.go:71] "if kind is a CRD, it should be installed before calling Start" err="no matches for kind \"Prometheus\" in version \"monitoring.coreos.com/v1\"" logger="controller-runtime.source.EventHandler" kind="Prometheus.monitoring.coreos.com"
E1106 06:20:14.289984       1 federation_controller.go:98] "unable to list Prometheus" err="no matches for kind \"Prometheus\" in version \"monitoring.coreos.com/v1\"" controller="servicemonitor-federation" controllerGroup="monitoring.coreos.com" controllerKind="ServiceMonitor" ServiceMonitor="kubeops/kube-ui-server" namespace="kubeops" name="kube-ui-server" reconcileID="48015360-90a9-4178-b342-e0247397ff9e"
E1106 06:20:14.290024       1 controller.go:347] "Reconciler error" err="no matches for kind \"Prometheus\" in version \"monitoring.coreos.com/v1\"" controller="servicemonitor-federation" controllerGroup="monitoring.coreos.com" controllerKind="ServiceMonitor" ServiceMonitor="kubeops/kube-ui-server" namespace="kubeops" name="kube-ui-server" reconcileID="48015360-90a9-4178-b342-e0247397ff9e"
E1106 06:20:14.291222       1 federation_controller.go:98] "unable to list Prometheus" err="no matches for kind \"Prometheus\" in version \"monitoring.coreos.com/v1\"" controller="servicemonitor-federation" controllerGroup="monitoring.coreos.com" controllerKind="ServiceMonitor" ServiceMonitor="monitoring/panopticon" namespace="monitoring" name="panopticon" reconcileID="1d32510d-a795-4c1f-b021-45114fca1cec"
E1106 06:20:14.291257       1 controller.go:347] "Reconciler error" err="no matches for kind \"Prometheus\" in version \"monitoring.coreos.com/v1\"" controller="servicemonitor-federation" controllerGroup="monitoring.coreos.com" controllerKind="ServiceMonitor" ServiceMonitor="monitoring/panopticon" namespace="monitoring" name="panopticon" reconcileID="1d32510d-a795-4c1f-b021-45114fca1cec"
E1106 06:20:23.690854       1 kind.go:71] "if kind is a CRD, it should be installed before calling Start" err="no matches for kind \"Prometheus\" in version \"monitoring.coreos.com/v1\"" logger="controller-runtime.source.EventHandler" kind="Prometheus.monitoring.coreos.com"
E1106 06:20:23.692771       1 kind.go:71] "if kind is a CRD, it should be installed before calling Start" err="no matches for kind \"Prometheus\" in version \"monitoring.coreos.com/v1\"" logger="controller-runtime.source.EventHandler" kind="Prometheus.monitoring.coreos.com"
E1106 06:20:33.690342       1 kind.go:71] "if kind is a CRD, it should be installed before calling Start" err="no matches for kind \"Prometheus\" in version \"monitoring.coreos.com/v1\"" logger="controller-runtime.source.EventHandler" kind="Prometheus.monitoring.coreos.com"
E1106 06:20:33.692003       1 kind.go:71] "if kind is a CRD, it should be installed before calling Start" err="no matches for kind \"Prometheus\" in version \"monitoring.coreos.com/v1\"" logger="controller-runtime.source.EventHandler" kind="Prometheus.monitoring.coreos.com"
E1106 06:20:34.773016       1 federation_controller.go:98] "unable to list Prometheus" err="no matches for kind \"Prometheus\" in version \"monitoring.coreos.com/v1\"" controller="servicemonitor-federation" controllerGroup="monitoring.coreos.com" controllerKind="ServiceMonitor" ServiceMonitor="kubeops/kube-ui-server" namespace="kubeops" name="kube-ui-server" reconcileID="0c9a0be9-1398-4ff1-a823-9cc0bc0ca124"
E1106 06:20:34.773064       1 controller.go:347] "Reconciler error" err="no matches for kind \"Prometheus\" in version \"monitoring.coreos.com/v1\"" controller="servicemonitor-federation" controllerGroup="monitoring.coreos.com" controllerKind="ServiceMonitor" ServiceMonitor="kubeops/kube-ui-server" namespace="kubeops" name="kube-ui-server" reconcileID="0c9a0be9-1398-4ff1-a823-9cc0bc0ca124"
E1106 06:20:34.775014       1 federation_controller.go:98] "unable to list Prometheus" err="no matches for kind \"Prometheus\" in version \"monitoring.coreos.com/v1\"" controller="servicemonitor-federation" controllerGroup="monitoring.coreos.com" controllerKind="ServiceMonitor" ServiceMonitor="monitoring/panopticon" namespace="monitoring" name="panopticon" reconcileID="3446208c-ceca-439b-b40d-55a8298c6956"
E1106 06:20:34.775057       1 controller.go:347] "Reconciler error" err="no matches for kind \"Prometheus\" in version \"monitoring.coreos.com/v1\"" controller="servicemonitor-federation" controllerGroup="monitoring.coreos.com" controllerKind="ServiceMonitor" ServiceMonitor="monitoring/panopticon" namespace="monitoring" name="panopticon" reconcileID="3446208c-ceca-439b-b40d-55a8298c6956"
E1106 06:20:43.690401       1 kind.go:71] "if kind is a CRD, it should be installed before calling Start" err="no matches for kind \"Prometheus\" in version \"monitoring.coreos.com/v1\"" logger="controller-runtime.source.EventHandler" kind="Prometheus.monitoring.coreos.com"
E1106 06:20:43.692116       1 kind.go:71] "if kind is a CRD, it should be installed before calling Start" err="no matches for kind \"Prometheus\" in version \"monitoring.coreos.com/v1\"" logger="controller-runtime.source.EventHandler" kind="Prometheus.monitoring.coreos.com"
E1106 06:20:53.691427       1 kind.go:71] "if kind is a CRD, it should be installed before calling Start" err="no matches for kind \"Prometheus\" in version \"monitoring.coreos.com/v1\"" logger="controller-runtime.source.EventHandler" kind="Prometheus.monitoring.coreos.com"
E1106 06:20:53.693126       1 kind.go:71] "if kind is a CRD, it should be installed before calling Start" err="no matches for kind \"Prometheus\" in version \"monitoring.coreos.com/v1\"" logger="controller-runtime.source.EventHandler" kind="Prometheus.monitoring.coreos.com"
E1106 06:21:03.690734       1 kind.go:71] "if kind is a CRD, it should be installed before calling Start" err="no matches for kind \"Prometheus\" in version \"monitoring.coreos.com/v1\"" logger="controller-runtime.source.EventHandler" kind="Prometheus.monitoring.coreos.com"
E1106 06:21:03.692616       1 kind.go:71] "if kind is a CRD, it should be installed before calling Start" err="no matches for kind \"Prometheus\" in version \"monitoring.coreos.com/v1\"" logger="controller-runtime.source.EventHandler" kind="Prometheus.monitoring.coreos.com"
I1106 06:21:11.398927       1 httplog.go:134] "HTTP" verb="GET" URI="/apis" latency="447.522µs" userAgent="" audit-ID="750fbdda-fe49-4ecf-aa79-dd381adddeb6" srcIP="10.42.0.1:46210" resp=304
E1106 06:21:13.690590       1 kind.go:71] "if kind is a CRD, it should be installed before calling Start" err="no matches for kind \"Prometheus\" in version \"monitoring.coreos.com/v1\"" logger="controller-runtime.source.EventHandler" kind="Prometheus.monitoring.coreos.com"
E1106 06:21:13.692581       1 kind.go:71] "if kind is a CRD, it should be installed before calling Start" err="no matches for kind \"Prometheus\" in version \"monitoring.coreos.com/v1\"" logger="controller-runtime.source.EventHandler" kind="Prometheus.monitoring.coreos.com"
E1106 06:21:15.735976       1 federation_controller.go:98] "unable to list Prometheus" err="no matches for kind \"Prometheus\" in version \"monitoring.coreos.com/v1\"" controller="servicemonitor-federation" controllerGroup="monitoring.coreos.com" controllerKind="ServiceMonitor" ServiceMonitor="kubeops/kube-ui-server" namespace="kubeops" name="kube-ui-server" reconcileID="16e8dd0b-c761-4e89-9d2b-9e719b25fab3"
E1106 06:21:15.736020       1 controller.go:347] "Reconciler error" err="no matches for kind \"Prometheus\" in version \"monitoring.coreos.com/v1\"" controller="servicemonitor-federation" controllerGroup="monitoring.coreos.com" controllerKind="ServiceMonitor" ServiceMonitor="kubeops/kube-ui-server" namespace="kubeops" name="kube-ui-server" reconcileID="16e8dd0b-c761-4e89-9d2b-9e719b25fab3"
E1106 06:21:15.737690       1 federation_controller.go:98] "unable to list Prometheus" err="no matches for kind \"Prometheus\" in version \"monitoring.coreos.com/v1\"" controller="servicemonitor-federation" controllerGroup="monitoring.coreos.com" controllerKind="ServiceMonitor" ServiceMonitor="monitoring/panopticon" namespace="monitoring" name="panopticon" reconcileID="72e6b1d2-d04c-49b6-9f66-fa7258a5d1cf"
E1106 06:21:15.737723       1 controller.go:347] "Reconciler error" err="no matches for kind \"Prometheus\" in version \"monitoring.coreos.com/v1\"" controller="servicemonitor-federation" controllerGroup="monitoring.coreos.com" controllerKind="ServiceMonitor" ServiceMonitor="monitoring/panopticon" namespace="monitoring" name="panopticon" reconcileID="72e6b1d2-d04c-49b6-9f66-fa7258a5d1cf"
E1106 06:21:23.690719       1 kind.go:71] "if kind is a CRD, it should be installed before calling Start" err="no matches for kind \"Prometheus\" in version \"monitoring.coreos.com/v1\"" logger="controller-runtime.source.EventHandler" kind="Prometheus.monitoring.coreos.com"
E1106 06:21:23.692409       1 kind.go:71] "if kind is a CRD, it should be installed before calling Start" err="no matches for kind \"Prometheus\" in version \"monitoring.coreos.com/v1\"" logger="controller-runtime.source.EventHandler" kind="Prometheus.monitoring.coreos.com"
I1106 06:21:24.694686       1 httplog.go:134] "HTTP" verb="GET" URI="/apis" latency="225.261µs" userAgent="" audit-ID="93b86cbc-7f8b-4281-ba90-f34c66e15259" srcIP="10.42.0.1:46210" resp=304
E1106 06:21:33.690096       1 kind.go:71] "if kind is a CRD, it should be installed before calling Start" err="no matches for kind \"Prometheus\" in version \"monitoring.coreos.com/v1\"" logger="controller-runtime.source.EventHandler" kind="Prometheus.monitoring.coreos.com"
E1106 06:21:33.692922       1 kind.go:71] "if kind is a CRD, it should be installed before calling Start" err="no matches for kind \"Prometheus\" in version \"monitoring.coreos.com/v1\"" logger="controller-runtime.source.EventHandler" kind="Prometheus.monitoring.coreos.com"
E1106 06:21:43.691512       1 kind.go:71] "if kind is a CRD, it should be installed before calling Start" err="no matches for kind \"Prometheus\" in version \"monitoring.coreos.com/v1\"" logger="controller-runtime.source.EventHandler" kind="Prometheus.monitoring.coreos.com"
E1106 06:21:43.698120       1 kind.go:71] "if kind is a CRD, it should be installed before calling Start" err="no matches for kind \"Prometheus\" in version \"monitoring.coreos.com/v1\"" logger="controller-runtime.source.EventHandler" kind="Prometheus.monitoring.coreos.com"
E1106 06:21:53.688213       1 controller.go:216] "Could not wait for Cache to sync" err="failed to wait for servicemonitor-auto caches to sync kind source: *v1.Prometheus: timed out waiting for cache to be synced for Kind *v1.Prometheus" controller="servicemonitor-auto" controllerGroup="monitoring.coreos.com" controllerKind="ServiceMonitor" source="kind source: *v1.Prometheus"
I1106 06:21:53.688260       1 internal.go:538] "Stopping and waiting for non leader election runnables"
I1106 06:21:53.688277       1 internal.go:542] "Stopping and waiting for leader election runnables"
I1106 06:21:53.688304       1 genericapiserver.go:693] "[graceful-termination] pre-shutdown hooks completed" name="PreShutdownHooksStopped"
I1106 06:21:53.688318       1 controller.go:268] "Shutdown signal received, waiting for all workers to finish" controller="customresourcedefinition" controllerGroup="apiextensions.k8s.io" controllerKind="CustomResourceDefinition"
I1106 06:21:53.688337       1 controller.go:270] "All workers finished" controller="customresourcedefinition" controllerGroup="apiextensions.k8s.io" controllerKind="CustomResourceDefinition"
I1106 06:21:53.688321       1 genericapiserver.go:548] "[graceful-termination] shutdown event" name="ShutdownInitiated"
I1106 06:21:53.688351       1 genericapiserver.go:551] "[graceful-termination] shutdown event" name="AfterShutdownDelayDuration"
I1106 06:21:53.688367       1 genericapiserver.go:617] "[graceful-termination] shutdown event" name="NotAcceptingNewRequest"
I1106 06:21:53.688324       1 controller.go:268] "Shutdown signal received, waiting for all workers to finish" controller="servicemonitor-federation" controllerGroup="monitoring.coreos.com" controllerKind="ServiceMonitor"
I1106 06:21:53.688394       1 controller.go:270] "All workers finished" controller="servicemonitor-federation" controllerGroup="monitoring.coreos.com" controllerKind="ServiceMonitor"
I1106 06:21:53.688404       1 configmap_cafile_content.go:226] "Shutting down controller" name="client-ca::kube-system::extension-apiserver-authentication::client-ca-file"
I1106 06:21:53.688424       1 requestheader_controller.go:194] Shutting down RequestHeaderAuthRequestController
I1106 06:21:53.688438       1 reflector.go:319] Stopping reflector *v1.ConfigMap (12h0m0s) from k8s.io/apiserver/pkg/authentication/request/headerrequest/requestheader_controller.go:183
I1106 06:21:53.688447       1 configmap_cafile_content.go:226] "Shutting down controller" name="client-ca::kube-system::extension-apiserver-authentication::requestheader-client-ca-file"
I1106 06:21:53.688456       1 genericapiserver.go:651] "[graceful-termination] not going to wait for active watch request(s) to drain"
I1106 06:21:53.688470       1 genericapiserver.go:642] [graceful-termination] in-flight non long-running request(s) have drained
I1106 06:21:53.688488       1 tlsconfig.go:258] "Shutting down DynamicServingCertificateController"
I1106 06:21:53.688508       1 dynamic_serving_content.go:149] "Shutting down controller" name="serving-cert::/var/serving-cert/tls.crt::/var/serving-cert/tls.key"
I1106 06:21:53.688522       1 object_count_tracker.go:151] "StorageObjectCountTracker pruner is exiting"
I1106 06:21:53.688497       1 genericapiserver.go:683] "[graceful-termination] shutdown event" name="InFlightRequestsDrained"
I1106 06:21:53.688562       1 reflector.go:319] Stopping reflector *v1.ConfigMap (12h0m0s) from k8s.io/apiserver/pkg/server/dynamiccertificates/configmap_cafile_content.go:209
I1106 06:21:53.688594       1 secure_serving.go:258] Stopped listening on [::]:8443
I1106 06:21:53.688608       1 reflector.go:319] Stopping reflector *v1.ConfigMap (12h0m0s) from k8s.io/apiserver/pkg/server/dynamiccertificates/configmap_cafile_content.go:209
I1106 06:21:53.688619       1 genericapiserver.go:600] "[graceful-termination] shutdown event" name="HTTPServerStoppedListening"
E1106 06:21:53.690767       1 kind.go:71] "if kind is a CRD, it should be installed before calling Start" err="no matches for kind \"Prometheus\" in version \"monitoring.coreos.com/v1\"" logger="controller-runtime.source.EventHandler" kind="Prometheus.monitoring.coreos.com"
I1106 06:21:54.743090       1 genericapiserver.go:713] [graceful-termination] apiserver is exiting
I1106 06:21:54.743138       1 internal.go:550] "Stopping and waiting for caches"
I1106 06:21:54.743251       1 reflector.go:319] Stopping reflector *v1.ServiceMonitor (9h5m40.720013722s) from sigs.k8s.io/controller-runtime/pkg/cache/internal/informers.go:108
I1106 06:21:54.743261       1 reflector.go:319] Stopping reflector *v1alpha1.AppBinding (10h22m35.075371457s) from sigs.k8s.io/controller-runtime/pkg/cache/internal/informers.go:108
I1106 06:21:54.743289       1 reflector.go:319] Stopping reflector *v1alpha1.GrafanaDashboard (10h43m46.337358036s) from sigs.k8s.io/controller-runtime/pkg/cache/internal/informers.go:108
I1106 06:21:54.743291       1 reflector.go:319] Stopping reflector *v1.ClusterRole (10h14m49.983835976s) from sigs.k8s.io/controller-runtime/pkg/cache/internal/informers.go:108
I1106 06:21:54.743305       1 reflector.go:319] Stopping reflector *v1.Role (9h20m45.93699621s) from sigs.k8s.io/controller-runtime/pkg/cache/internal/informers.go:108
I1106 06:21:54.743313       1 reflector.go:319] Stopping reflector *v1.ClusterRoleBinding (10h0m43.156047191s) from sigs.k8s.io/controller-runtime/pkg/cache/internal/informers.go:108
W1106 06:21:54.743319       1 reflector.go:492] sigs.k8s.io/controller-runtime/pkg/cache/internal/informers.go:108: watch of *v1.Service ended with: an error on the server ("unable to decode an event from the watch stream: context canceled") has prevented the request from succeeding
I1106 06:21:54.743326       1 reflector.go:319] Stopping reflector *v1.RoleBinding (9h37m5.557870655s) from sigs.k8s.io/controller-runtime/pkg/cache/internal/informers.go:108
I1106 06:21:54.743346       1 reflector.go:319] Stopping reflector *v1.Service (10h7m59.835970921s) from sigs.k8s.io/controller-runtime/pkg/cache/internal/informers.go:108
I1106 06:21:54.743348       1 reflector.go:319] Stopping reflector *v1.CustomResourceDefinition (9h18m16.136241988s) from sigs.k8s.io/controller-runtime/pkg/cache/internal/informers.go:108
I1106 06:21:54.743378       1 internal.go:554] "Stopping and waiting for webhooks"
I1106 06:21:54.743397       1 internal.go:557] "Stopping and waiting for HTTP servers"
I1106 06:21:54.743444       1 server.go:254] "Shutting down metrics server with timeout of 1 minute" logger="controller-runtime.metrics"
I1106 06:21:54.743522       1 internal.go:561] "Wait completed, proceeding to shutdown the manager"
Error: failed to wait for servicemonitor-auto caches to sync kind source: *v1.Prometheus: timed out waiting for cache to be synced for Kind *v1.Prometheus
Usage:
  grafana-tools monitoring-operator [flags]

Flags:
      --audit-log-batch-buffer-size int                         The size of the buffer to store events before batching and writing. Only used in batch mode. (default 10000)
      --audit-log-batch-max-size int                            The maximum size of a batch. Only used in batch mode. (default 1)
      --audit-log-batch-max-wait duration                       The amount of time to wait before force writing the batch that hadn't reached the max size. Only used in batch mode.
      --audit-log-batch-throttle-burst int                      Maximum number of requests sent at the same moment if ThrottleQPS was not utilized before. Only used in batch mode.
      --audit-log-batch-throttle-enable                         Whether batching throttling is enabled. Only used in batch mode.
      --audit-log-batch-throttle-qps float32                    Maximum average number of batches per second. Only used in batch mode.
      --audit-log-compress                                      If set, the rotated log files will be compressed using gzip.
      --audit-log-format string                                 Format of saved audits. "legacy" indicates 1-line text format for each event. "json" indicates structured json format. Known formats are legacy,json. (default "json")
      --audit-log-maxage int                                    The maximum number of days to retain old audit log files based on the timestamp encoded in their filename.
      --audit-log-maxbackup int                                 The maximum number of old audit log files to retain. Setting a value of 0 will mean there's no restriction on the number of files.
      --audit-log-maxsize int                                   The maximum size in megabytes of the audit log file before it gets rotated.
      --audit-log-mode string                                   Strategy for sending audit events. Blocking indicates sending events should block server responses. Batch causes the backend to buffer and write events asynchronously. Known modes are batch,blocking,blocking-strict. (default "blocking")
      --audit-log-path string                                   If set, all requests coming to the apiserver will be logged to this file.  '-' means standard out.
      --audit-log-truncate-enabled                              Whether event and batch truncating is enabled.
      --audit-log-truncate-max-batch-size int                   Maximum size of the batch sent to the underlying backend. Actual serialized size can be several hundreds of bytes greater. If a batch exceeds this limit, it is split into several batches of smaller size. (default 10485760)
      --audit-log-truncate-max-event-size int                   Maximum size of the audit event sent to the underlying backend. If the size of an event is greater than this number, first request and response are removed, and if this doesn't reduce the size enough, event is discarded. (default 102400)
      --audit-log-version string                                API group and version used for serializing audit events written to log. (default "audit.k8s.io/v1")
      --audit-policy-file string                                Path to the file that defines the audit policy configuration.
      --audit-webhook-batch-buffer-size int                     The size of the buffer to store events before batching and writing. Only used in batch mode. (default 10000)
      --audit-webhook-batch-max-size int                        The maximum size of a batch. Only used in batch mode. (default 400)
      --audit-webhook-batch-max-wait duration                   The amount of time to wait before force writing the batch that hadn't reached the max size. Only used in batch mode. (default 30s)
      --audit-webhook-batch-throttle-burst int                  Maximum number of requests sent at the same moment if ThrottleQPS was not utilized before. Only used in batch mode. (default 15)
      --audit-webhook-batch-throttle-enable                     Whether batching throttling is enabled. Only used in batch mode. (default true)
      --audit-webhook-batch-throttle-qps float32                Maximum average number of batches per second. Only used in batch mode. (default 10)
      --audit-webhook-config-file string                        Path to a kubeconfig formatted file that defines the audit webhook configuration.
      --audit-webhook-initial-backoff duration                  The amount of time to wait before retrying the first failed request. (default 10s)
      --audit-webhook-mode string                               Strategy for sending audit events. Blocking indicates sending events should block server responses. Batch causes the backend to buffer and write events asynchronously. Known modes are batch,blocking,blocking-strict. (default "batch")
      --audit-webhook-truncate-enabled                          Whether event and batch truncating is enabled.
      --audit-webhook-truncate-max-batch-size int               Maximum size of the batch sent to the underlying backend. Actual serialized size can be several hundreds of bytes greater. If a batch exceeds this limit, it is split into several batches of smaller size. (default 10485760)
      --audit-webhook-truncate-max-event-size int               Maximum size of the audit event sent to the underlying backend. If the size of an event is greater than this number, first request and response are removed, and if this doesn't reduce the size enough, event is discarded. (default 102400)
      --audit-webhook-version string                            API group and version used for serializing audit events written to webhook. (default "audit.k8s.io/v1")
      --authentication-configmap-namespace string               Namespace of extension-apiserver-authentication configmap (default "kube-system")
      --authentication-kubeconfig string                        kubeconfig file pointing at the 'core' kubernetes server with enough rights to create tokenreviews.authentication.k8s.io.
      --authentication-skip-lookup                              If false, the authentication-kubeconfig will be used to lookup missing authentication configuration from the cluster.
      --authentication-token-webhook-cache-ttl duration         The duration to cache responses from the webhook token authenticator. (default 10s)
      --authentication-tolerate-lookup-failure                  If true, failures to look up missing authentication configuration from the cluster are not considered fatal. Note that this can result in authentication that treats all requests as anonymous.
      --authorization-always-allow-paths strings                A list of HTTP paths to skip during authorization, i.e. these are authorized without contacting the 'core' kubernetes server. (default [/healthz,/readyz,/livez])
      --authorization-kubeconfig string                         kubeconfig file pointing at the 'core' kubernetes server with enough rights to create subjectaccessreviews.authorization.k8s.io.
      --authorization-webhook-cache-authorized-ttl duration     The duration to cache 'authorized' responses from the webhook authorizer. (default 10s)
      --authorization-webhook-cache-unauthorized-ttl duration   The duration to cache 'unauthorized' responses from the webhook authorizer. (default 10s)
      --baseURL string                                          License server base url
      --bind-address ip                                         The IP address on which to listen for the --secure-port port. The associated interface(s) must be reachable by the rest of the cluster, and by CLI/web clients. If blank or an unspecified address (0.0.0.0 or ::), all interfaces and IP address families will be used. (default 0.0.0.0)
      --burst int                                               The maximum burst for throttle (default 1000000)
      --cert-dir string                                         The directory where the TLS certs are located. If --tls-cert-file and --tls-private-key-file are provided, this flag will be ignored. (default "apiserver.local.config/certificates")
      --client-ca-file string                                   If set, any request presenting a client certificate signed by one of the authorities in the client-ca-file is authenticated with an identity corresponding to the CommonName of the client certificate.
      --contention-profiling                                    Enable block profiling, if profiling is enabled
      --debug-socket-path string                                Use an unprotected (no authn/authz) unix-domain socket for profiling with the given path
      --disable-http2-serving                                   If true, HTTP2 serving will be disabled [default=false]
      --egress-selector-config-file string                      File with apiserver egress selector configuration.
      --enable-priority-and-fairness                            If true, replace the max-in-flight handler with an enhanced one that queues and dispatches with priority and fairness
      --feature-gates mapStringBool                             A set of key=value pairs that describe feature gates for alpha/experimental features. Options are:
                                                                APIResponseCompression=true|false (BETA - default=true)
                                                                APIServerIdentity=true|false (BETA - default=true)
                                                                APIServerTracing=true|false (BETA - default=true)
                                                                APIServingWithRoutine=true|false (ALPHA - default=false)
                                                                AllAlpha=true|false (ALPHA - default=false)
                                                                AllBeta=true|false (BETA - default=false)
                                                                AllowUnsafeMalformedObjectDeletion=true|false (ALPHA - default=false)
                                                                AnonymousAuthConfigurableEndpoints=true|false (BETA - default=true)
                                                                AuthorizeWithSelectors=true|false (BETA - default=true)
                                                                BtreeWatchCache=true|false (BETA - default=true)
                                                                CBORServingAndStorage=true|false (ALPHA - default=false)
                                                                ConcurrentWatchObjectDecode=true|false (BETA - default=false)
                                                                ConsistentListFromCache=true|false (BETA - default=true)
                                                                CoordinatedLeaderElection=true|false (ALPHA - default=false)
                                                                MutatingAdmissionPolicy=true|false (ALPHA - default=false)
                                                                OpenAPIEnums=true|false (BETA - default=true)
                                                                RemoteRequestHeaderUID=true|false (ALPHA - default=false)
                                                                ResilientWatchCacheInitialization=true|false (BETA - default=true)
                                                                SeparateCacheWatchRPC=true|false (BETA - default=true)
                                                                StorageVersionAPI=true|false (ALPHA - default=false)
                                                                StorageVersionHash=true|false (BETA - default=true)
                                                                StructuredAuthenticationConfiguration=true|false (BETA - default=true)
                                                                UnauthenticatedHTTP2DOSMitigation=true|false (BETA - default=true)
                                                                WatchCacheInitializationPostStartHook=true|false (BETA - default=false)
                                                                WatchFromStorageWithoutResourceVersion=true|false (BETA - default=false)
                                                                WatchList=true|false (BETA - default=true)
  -h, --help                                                    help for monitoring-operator
      --http2-max-streams-per-connection int                    The limit that the server gives to clients for the maximum number of streams in an HTTP/2 connection. Zero means to use golang's default. (default 1000)
      --hubUID string                                           Cluster UID of ocm Hub
      --kubeconfig string                                       kubeconfig file pointing at the 'core' kubernetes server.
      --permit-address-sharing                                  If true, SO_REUSEADDR will be used when binding the port. This allows binding to wildcard IPs like 0.0.0.0 and specific IPs in parallel, and it avoids waiting for the kernel to release sockets in TIME_WAIT state. [default=false]
      --permit-port-sharing                                     If true, SO_REUSEPORT will be used when binding the port, which allows more than one instance to bind on the same address and port. [default=false]
      --platform-ca-file string                                 Path to platform CA cert file
      --profiling                                               Enable profiling via web interface host:port/debug/pprof/ (default true)
      --qps float                                               The maximum QPS to the master from this client (default 1e+06)
      --rancher-auth-secret string                              Name of Rancher auth secret
      --requestheader-allowed-names strings                     List of client certificate common names to allow to provide usernames in headers specified by --requestheader-username-headers. If empty, any client certificate validated by the authorities in --requestheader-client-ca-file is allowed.
      --requestheader-client-ca-file string                     Root certificate bundle to use to verify client certificates on incoming requests before trusting usernames in headers specified by --requestheader-username-headers. WARNING: generally do not depend on authorization being already done for incoming requests.
      --requestheader-extra-headers-prefix strings              List of request header prefixes to inspect. X-Remote-Extra- is suggested. (default [x-remote-extra-])
      --requestheader-group-headers strings                     List of request headers to inspect for groups. X-Remote-Group is suggested. (default [x-remote-group])
      --requestheader-uid-headers strings                       List of request headers to inspect for UIDs. X-Remote-Uid is suggested. Requires the RemoteRequestHeaderUID feature to be enabled.
      --requestheader-username-headers strings                  List of request headers to inspect for usernames. X-Remote-User is common. (default [x-remote-user])
      --secure-port int                                         The port on which to serve HTTPS with authentication and authorization. If 0, don't serve HTTPS at all. (default 443)
      --tls-cert-file string                                    File containing the default x509 Certificate for HTTPS. (CA cert, if any, concatenated after server cert). If HTTPS serving is enabled, and --tls-cert-file and --tls-private-key-file are not provided, a self-signed certificate and key are generated for the public address and saved to the directory specified by --cert-dir.
      --tls-cipher-suites strings                               Comma-separated list of cipher suites for the server. If omitted, the default Go cipher suites will be used. 
                                                                Preferred values: TLS_AES_128_GCM_SHA256, TLS_AES_256_GCM_SHA384, TLS_CHACHA20_POLY1305_SHA256, TLS_ECDHE_ECDSA_WITH_AES_128_CBC_SHA, TLS_ECDHE_ECDSA_WITH_AES_128_GCM_SHA256, TLS_ECDHE_ECDSA_WITH_AES_256_CBC_SHA, TLS_ECDHE_ECDSA_WITH_AES_256_GCM_SHA384, TLS_ECDHE_ECDSA_WITH_CHACHA20_POLY1305, TLS_ECDHE_ECDSA_WITH_CHACHA20_POLY1305_SHA256, TLS_ECDHE_RSA_WITH_AES_128_CBC_SHA, TLS_ECDHE_RSA_WITH_AES_128_GCM_SHA256, TLS_ECDHE_RSA_WITH_AES_256_CBC_SHA, TLS_ECDHE_RSA_WITH_AES_256_GCM_SHA384, TLS_ECDHE_RSA_WITH_CHACHA20_POLY1305, TLS_ECDHE_RSA_WITH_CHACHA20_POLY1305_SHA256. 
                                                                Insecure values: TLS_ECDHE_ECDSA_WITH_AES_128_CBC_SHA256, TLS_ECDHE_ECDSA_WITH_RC4_128_SHA, TLS_ECDHE_RSA_WITH_3DES_EDE_CBC_SHA, TLS_ECDHE_RSA_WITH_AES_128_CBC_SHA256, TLS_ECDHE_RSA_WITH_RC4_128_SHA, TLS_RSA_WITH_3DES_EDE_CBC_SHA, TLS_RSA_WITH_AES_128_CBC_SHA, TLS_RSA_WITH_AES_128_CBC_SHA256, TLS_RSA_WITH_AES_128_GCM_SHA256, TLS_RSA_WITH_AES_256_CBC_SHA, TLS_RSA_WITH_AES_256_GCM_SHA384, TLS_RSA_WITH_RC4_128_SHA.
      --tls-min-version string                                  Minimum TLS version supported. Possible values: VersionTLS10, VersionTLS11, VersionTLS12, VersionTLS13
      --tls-private-key-file string                             File containing the default x509 private key matching --tls-cert-file.
      --tls-sni-cert-key namedCertKey                           A pair of x509 certificate and private key file paths, optionally suffixed with a list of domain patterns which are fully qualified domain names, possibly with prefixed wildcard segments. The domain patterns also allow IP addresses, but IPs should only be used if the apiserver has visibility to the IP address requested by a client. If no domain patterns are provided, the names of the certificate are extracted. Non-wildcard matches trump over wildcard matches, explicit domain patterns trump over extracted names. For multiple key/certificate pairs, use the --tls-sni-cert-key multiple times. Examples: "example.crt,example.key" or "foo.crt,foo.key:*.foo.com,foo.com". (default [])
      --token string                                            License server token
      --tracing-config-file string                              File with apiserver tracing configuration.

Global Flags:
      --add-dir-header                        If true, adds the file directory to the header of the log messages
      --alsologtostderr                       log to standard error as well as files (no effect when -logtostderr=true)
      --default-seccomp-profile-type string   Default seccomp profile (default "RuntimeDefault")
      --log-backtrace-at traceLocation        when logging hits line file:N, emit a stack trace (default :0)
      --log-dir string                        If non-empty, write log files in this directory (no effect when -logtostderr=true)
      --log-file string                       If non-empty, use this log file (no effect when -logtostderr=true)
      --log-file-max-size uint                Defines the maximum size a log file can grow to (no effect when -logtostderr=true). Unit is megabytes. If the value is 0, the maximum file size is unlimited. (default 1800)
      --log-flush-frequency duration          Maximum number of seconds between log flushes (default 5s)
      --logtostderr                           log to standard error instead of files (default true)
      --one-output                            If true, only write logs to their native severity level (vs also writing to each lower severity level; no effect when -logtostderr=true)
      --skip-headers                          If true, avoid header prefixes in the log messages
      --skip-log-headers                      If true, avoid headers when opening log files (no effect when -logtostderr=true)
      --stderrthreshold severity              logs at or above this threshold go to stderr when writing to files and stderr (no effect when -logtostderr=true or -alsologtostderr=true) (default 2)
      --use-kubeapiserver-fqdn-for-aks        if true, uses kube-apiserver FQDN for AKS cluster to workaround https://github.com/Azure/AKS/issues/522 (default true)
  -v, --v Level                               number for the log level verbosity (default 0)
      --vmodule moduleSpec                    comma-separated list of pattern=N settings for file-filtered logging

F1106 06:21:54.744237       1 main.go:28] failed to wait for servicemonitor-auto caches to sync kind source: *v1.Prometheus: timed out waiting for cache to be synced for Kind *v1.Prometheus
